mode: set
github.com/rachmanzz/words-xml/words/ooxml.go:484.80,487.52 3 1
github.com/rachmanzz/words-xml/words/ooxml.go:487.52,489.3 1 0
github.com/rachmanzz/words-xml/words/ooxml.go:490.2,491.12 2 1
github.com/rachmanzz/words-xml/words/preprocessor.go:40.41,41.32 1 1
github.com/rachmanzz/words-xml/words/preprocessor.go:41.32,42.63 1 1
github.com/rachmanzz/words-xml/words/preprocessor.go:42.63,44.4 1 1
github.com/rachmanzz/words-xml/words/preprocessor.go:46.2,46.11 1 1
github.com/rachmanzz/words-xml/words/preprocessor.go:54.37,56.23 2 1
github.com/rachmanzz/words-xml/words/preprocessor.go:56.23,58.3 1 1
github.com/rachmanzz/words-xml/words/preprocessor.go:59.2,59.67 1 1
github.com/rachmanzz/words-xml/words/preprocessor.go:59.67,61.3 1 0
github.com/rachmanzz/words-xml/words/preprocessor.go:62.2,62.14 1 1
github.com/rachmanzz/words-xml/words/preprocessor.go:65.43,67.13 2 1
github.com/rachmanzz/words-xml/words/preprocessor.go:67.13,69.3 1 1
github.com/rachmanzz/words-xml/words/preprocessor.go:70.2,70.70 1 1
github.com/rachmanzz/words-xml/words/preprocessor.go:70.70,72.3 1 1
github.com/rachmanzz/words-xml/words/preprocessor.go:73.2,74.69 2 1
github.com/rachmanzz/words-xml/words/preprocessor.go:74.69,76.3 1 1
github.com/rachmanzz/words-xml/words/preprocessor.go:77.2,77.13 1 1
github.com/rachmanzz/words-xml/words/preprocessor.go:80.67,82.16 2 1
github.com/rachmanzz/words-xml/words/preprocessor.go:82.16,84.3 1 1
github.com/rachmanzz/words-xml/words/preprocessor.go:85.2,85.47 1 1
github.com/rachmanzz/words-xml/words/preprocessor.go:88.84,90.16 2 1
github.com/rachmanzz/words-xml/words/preprocessor.go:90.16,92.3 1 1
github.com/rachmanzz/words-xml/words/preprocessor.go:93.2,93.41 1 1
github.com/rachmanzz/words-xml/words/preprocessor.go:96.64,98.2 1 1
github.com/rachmanzz/words-xml/words/preprocessor.go:100.81,102.16 2 1
github.com/rachmanzz/words-xml/words/preprocessor.go:102.16,104.3 1 1
github.com/rachmanzz/words-xml/words/preprocessor.go:106.2,111.35 5 1
github.com/rachmanzz/words-xml/words/preprocessor.go:111.35,112.27 1 1
github.com/rachmanzz/words-xml/words/preprocessor.go:112.27,113.12 1 0
github.com/rachmanzz/words-xml/words/preprocessor.go:115.3,116.17 2 1
github.com/rachmanzz/words-xml/words/preprocessor.go:116.17,117.12 1 0
github.com/rachmanzz/words-xml/words/preprocessor.go:119.3,121.10 2 1
github.com/rachmanzz/words-xml/words/preprocessor.go:122.36,123.20 1 1
github.com/rachmanzz/words-xml/words/preprocessor.go:124.34,125.23 1 1
github.com/rachmanzz/words-xml/words/preprocessor.go:126.37,127.26 1 1
github.com/rachmanzz/words-xml/words/preprocessor.go:128.47,129.21 1 1
github.com/rachmanzz/words-xml/words/preprocessor.go:130.40,131.22 1 1
github.com/rachmanzz/words-xml/words/preprocessor.go:132.36,133.21 1 1
github.com/rachmanzz/words-xml/words/preprocessor.go:134.37,135.26 1 1
github.com/rachmanzz/words-xml/words/preprocessor.go:136.36,137.25 1 0
github.com/rachmanzz/words-xml/words/preprocessor.go:138.36,139.25 1 1
github.com/rachmanzz/words-xml/words/preprocessor.go:140.11,143.93 3 1
github.com/rachmanzz/words-xml/words/preprocessor.go:143.93,145.5 1 0
github.com/rachmanzz/words-xml/words/preprocessor.go:145.10,145.100 1 1
github.com/rachmanzz/words-xml/words/preprocessor.go:145.100,147.5 1 0
github.com/rachmanzz/words-xml/words/preprocessor.go:151.2,151.19 1 1
github.com/rachmanzz/words-xml/words/preprocessor.go:151.19,153.3 1 1
github.com/rachmanzz/words-xml/words/preprocessor.go:155.2,162.20 2 1
github.com/rachmanzz/words-xml/words/preprocessor.go:162.20,164.53 2 1
github.com/rachmanzz/words-xml/words/preprocessor.go:164.53,170.4 1 1
github.com/rachmanzz/words-xml/words/preprocessor.go:173.2,173.21 1 1
github.com/rachmanzz/words-xml/words/preprocessor.go:173.21,175.3 1 1
github.com/rachmanzz/words-xml/words/preprocessor.go:177.2,178.50 2 1
github.com/rachmanzz/words-xml/words/preprocessor.go:178.50,180.3 1 1
github.com/rachmanzz/words-xml/words/preprocessor.go:182.2,182.22 1 1
github.com/rachmanzz/words-xml/words/preprocessor.go:182.22,184.3 1 1
github.com/rachmanzz/words-xml/words/preprocessor.go:186.2,189.25 4 1
github.com/rachmanzz/words-xml/words/preprocessor.go:189.25,191.3 1 1
github.com/rachmanzz/words-xml/words/preprocessor.go:193.2,194.20 2 1
github.com/rachmanzz/words-xml/words/preprocessor.go:194.20,196.55 2 1
github.com/rachmanzz/words-xml/words/preprocessor.go:196.55,197.35 1 1
github.com/rachmanzz/words-xml/words/preprocessor.go:197.35,198.140 1 1
github.com/rachmanzz/words-xml/words/preprocessor.go:198.140,200.5 1 1
github.com/rachmanzz/words-xml/words/preprocessor.go:200.10,202.5 1 0
github.com/rachmanzz/words-xml/words/preprocessor.go:207.2,208.57 2 1
github.com/rachmanzz/words-xml/words/preprocessor.go:208.57,210.3 1 0
github.com/rachmanzz/words-xml/words/preprocessor.go:212.2,213.28 2 1
github.com/rachmanzz/words-xml/words/preprocessor.go:213.28,215.37 2 1
github.com/rachmanzz/words-xml/words/preprocessor.go:215.37,217.25 2 1
github.com/rachmanzz/words-xml/words/preprocessor.go:217.25,220.5 2 1
github.com/rachmanzz/words-xml/words/preprocessor.go:221.4,221.26 1 1
github.com/rachmanzz/words-xml/words/preprocessor.go:221.26,228.5 6 0
github.com/rachmanzz/words-xml/words/preprocessor.go:229.4,229.43 1 1
github.com/rachmanzz/words-xml/words/preprocessor.go:229.43,232.5 2 0
github.com/rachmanzz/words-xml/words/preprocessor.go:233.4,233.51 1 1
github.com/rachmanzz/words-xml/words/preprocessor.go:235.3,236.25 2 1
github.com/rachmanzz/words-xml/words/preprocessor.go:236.25,239.4 2 1
github.com/rachmanzz/words-xml/words/preprocessor.go:240.3,240.26 1 1
github.com/rachmanzz/words-xml/words/preprocessor.go:240.26,247.4 6 0
github.com/rachmanzz/words-xml/words/preprocessor.go:248.3,248.44 1 1
github.com/rachmanzz/words-xml/words/preprocessor.go:248.44,251.4 2 0
github.com/rachmanzz/words-xml/words/preprocessor.go:254.2,255.41 2 1
github.com/rachmanzz/words-xml/words/preprocessor.go:255.41,257.17 2 0
github.com/rachmanzz/words-xml/words/preprocessor.go:257.17,259.4 1 0
github.com/rachmanzz/words-xml/words/preprocessor.go:261.2,262.41 2 1
github.com/rachmanzz/words-xml/words/preprocessor.go:262.41,264.17 2 0
github.com/rachmanzz/words-xml/words/preprocessor.go:264.17,266.4 1 0
github.com/rachmanzz/words-xml/words/preprocessor.go:269.2,270.49 2 1
github.com/rachmanzz/words-xml/words/preprocessor.go:270.49,272.3 1 0
github.com/rachmanzz/words-xml/words/preprocessor.go:273.2,274.49 2 1
github.com/rachmanzz/words-xml/words/preprocessor.go:274.49,276.3 1 0
github.com/rachmanzz/words-xml/words/preprocessor.go:277.2,281.25 4 1
github.com/rachmanzz/words-xml/words/preprocessor.go:281.25,283.61 2 1
github.com/rachmanzz/words-xml/words/preprocessor.go:283.61,284.39 1 1
github.com/rachmanzz/words-xml/words/preprocessor.go:284.39,285.45 1 1
github.com/rachmanzz/words-xml/words/preprocessor.go:285.45,288.6 2 1
github.com/rachmanzz/words-xml/words/preprocessor.go:293.2,293.24 1 1
github.com/rachmanzz/words-xml/words/preprocessor.go:293.24,295.60 2 0
github.com/rachmanzz/words-xml/words/preprocessor.go:295.60,296.38 1 0
github.com/rachmanzz/words-xml/words/preprocessor.go:296.38,297.45 1 0
github.com/rachmanzz/words-xml/words/preprocessor.go:297.45,300.6 2 0
github.com/rachmanzz/words-xml/words/preprocessor.go:305.2,305.24 1 1
github.com/rachmanzz/words-xml/words/preprocessor.go:305.24,307.60 2 1
github.com/rachmanzz/words-xml/words/preprocessor.go:307.60,308.38 1 1
github.com/rachmanzz/words-xml/words/preprocessor.go:308.38,311.5 2 1
github.com/rachmanzz/words-xml/words/preprocessor.go:315.2,318.27 3 1
github.com/rachmanzz/words-xml/words/preprocessor.go:318.27,321.39 3 1
github.com/rachmanzz/words-xml/words/preprocessor.go:321.39,323.4 1 1
github.com/rachmanzz/words-xml/words/preprocessor.go:325.2,325.36 1 1
github.com/rachmanzz/words-xml/words/preprocessor.go:325.36,326.20 1 1
github.com/rachmanzz/words-xml/words/preprocessor.go:326.20,328.37 2 1
github.com/rachmanzz/words-xml/words/preprocessor.go:328.37,330.5 1 1
github.com/rachmanzz/words-xml/words/preprocessor.go:331.4,331.112 1 1
github.com/rachmanzz/words-xml/words/preprocessor.go:334.2,334.50 1 1
github.com/rachmanzz/words-xml/words/preprocessor.go:334.50,336.3 1 1
github.com/rachmanzz/words-xml/words/preprocessor.go:338.2,340.45 3 1
github.com/rachmanzz/words-xml/words/preprocessor.go:340.45,341.24 1 1
github.com/rachmanzz/words-xml/words/preprocessor.go:341.24,342.57 1 1
github.com/rachmanzz/words-xml/words/preprocessor.go:342.57,346.45 4 1
github.com/rachmanzz/words-xml/words/preprocessor.go:346.45,347.37 1 1
github.com/rachmanzz/words-xml/words/preprocessor.go:347.37,349.7 1 1
github.com/rachmanzz/words-xml/words/preprocessor.go:354.2,360.8 3 1
github.com/rachmanzz/words-xml/words/preprocessor.go:363.47,365.16 2 1
github.com/rachmanzz/words-xml/words/preprocessor.go:365.16,367.3 1 0
github.com/rachmanzz/words-xml/words/preprocessor.go:368.2,370.44 3 1
github.com/rachmanzz/words-xml/words/preprocessor.go:370.44,372.3 1 0
github.com/rachmanzz/words-xml/words/preprocessor.go:373.2,373.25 1 1
github.com/rachmanzz/words-xml/words/preprocessor.go:376.54,378.19 2 1
github.com/rachmanzz/words-xml/words/preprocessor.go:378.19,380.3 1 1
github.com/rachmanzz/words-xml/words/preprocessor.go:381.2,381.33 1 1
github.com/rachmanzz/words-xml/words/preprocessor.go:381.33,382.38 1 1
github.com/rachmanzz/words-xml/words/preprocessor.go:382.38,383.25 1 1
github.com/rachmanzz/words-xml/words/preprocessor.go:383.25,385.5 1 1
github.com/rachmanzz/words-xml/words/preprocessor.go:388.2,388.13 1 1
github.com/rachmanzz/words-xml/words/preprocessor.go:403.91,413.6 10 1
github.com/rachmanzz/words-xml/words/preprocessor.go:413.6,415.17 2 1
github.com/rachmanzz/words-xml/words/preprocessor.go:415.17,416.9 1 1
github.com/rachmanzz/words-xml/words/preprocessor.go:418.3,418.26 1 1
github.com/rachmanzz/words-xml/words/preprocessor.go:419.25,421.11 2 1
github.com/rachmanzz/words-xml/words/preprocessor.go:422.46,423.18 1 1
github.com/rachmanzz/words-xml/words/preprocessor.go:424.39,426.30 2 1
github.com/rachmanzz/words-xml/words/preprocessor.go:426.30,427.30 1 1
github.com/rachmanzz/words-xml/words/preprocessor.go:427.30,428.54 1 1
github.com/rachmanzz/words-xml/words/preprocessor.go:428.54,430.8 1 1
github.com/rachmanzz/words-xml/words/preprocessor.go:433.5,433.16 1 1
github.com/rachmanzz/words-xml/words/preprocessor.go:433.16,435.6 1 1
github.com/rachmanzz/words-xml/words/preprocessor.go:436.5,436.14 1 1
github.com/rachmanzz/words-xml/words/preprocessor.go:437.36,440.14 3 1
github.com/rachmanzz/words-xml/words/preprocessor.go:441.33,441.33 0 1
github.com/rachmanzz/words-xml/words/preprocessor.go:442.35,443.17 1 1
github.com/rachmanzz/words-xml/words/preprocessor.go:444.35,445.17 1 0
github.com/rachmanzz/words-xml/words/preprocessor.go:446.107,449.21 3 1
github.com/rachmanzz/words-xml/words/preprocessor.go:450.19,451.24 1 1
github.com/rachmanzz/words-xml/words/preprocessor.go:452.19,453.23 1 1
github.com/rachmanzz/words-xml/words/preprocessor.go:454.19,455.23 1 1
github.com/rachmanzz/words-xml/words/preprocessor.go:457.5,457.30 1 1
github.com/rachmanzz/words-xml/words/preprocessor.go:457.30,458.30 1 1
github.com/rachmanzz/words-xml/words/preprocessor.go:458.30,459.54 1 1
github.com/rachmanzz/words-xml/words/preprocessor.go:459.54,461.8 1 1
github.com/rachmanzz/words-xml/words/preprocessor.go:464.5,464.31 1 1
github.com/rachmanzz/words-xml/words/preprocessor.go:464.31,466.49 2 1
github.com/rachmanzz/words-xml/words/preprocessor.go:466.49,468.7 1 1
github.com/rachmanzz/words-xml/words/preprocessor.go:470.74,471.14 1 1
github.com/rachmanzz/words-xml/words/preprocessor.go:472.47,473.14 1 1
github.com/rachmanzz/words-xml/words/preprocessor.go:475.23,477.11 2 1
github.com/rachmanzz/words-xml/words/preprocessor.go:478.33,482.18 4 1
github.com/rachmanzz/words-xml/words/preprocessor.go:483.35,484.18 1 1
github.com/rachmanzz/words-xml/words/preprocessor.go:485.35,486.18 1 0
github.com/rachmanzz/words-xml/words/preprocessor.go:490.2,490.30 1 1
github.com/rachmanzz/words-xml/words/preprocessor.go:493.55,495.48 2 0
github.com/rachmanzz/words-xml/words/preprocessor.go:495.48,497.3 1 0
github.com/rachmanzz/words-xml/words/preprocessor.go:498.2,498.16 1 0
github.com/rachmanzz/words-xml/words/preprocessor.go:501.55,503.48 2 0
github.com/rachmanzz/words-xml/words/preprocessor.go:503.48,505.3 1 0
github.com/rachmanzz/words-xml/words/preprocessor.go:506.2,506.16 1 0
github.com/rachmanzz/words-xml/words/preprocessor.go:523.121,525.58 2 1
github.com/rachmanzz/words-xml/words/preprocessor.go:525.58,527.3 1 1
github.com/rachmanzz/words-xml/words/preprocessor.go:529.2,533.76 4 1
github.com/rachmanzz/words-xml/words/preprocessor.go:533.76,535.16 2 1
github.com/rachmanzz/words-xml/words/preprocessor.go:535.16,536.24 1 1
github.com/rachmanzz/words-xml/words/preprocessor.go:536.24,537.30 1 1
github.com/rachmanzz/words-xml/words/preprocessor.go:537.30,539.6 1 0
github.com/rachmanzz/words-xml/words/preprocessor.go:539.11,539.37 1 1
github.com/rachmanzz/words-xml/words/preprocessor.go:539.37,541.6 1 1
github.com/rachmanzz/words-xml/words/preprocessor.go:541.11,541.42 1 1
github.com/rachmanzz/words-xml/words/preprocessor.go:541.42,542.57 1 1
github.com/rachmanzz/words-xml/words/preprocessor.go:542.57,544.7 1 1
github.com/rachmanzz/words-xml/words/preprocessor.go:545.11,545.42 1 0
github.com/rachmanzz/words-xml/words/preprocessor.go:545.42,546.57 1 0
github.com/rachmanzz/words-xml/words/preprocessor.go:546.57,548.7 1 0
github.com/rachmanzz/words-xml/words/preprocessor.go:550.5,550.33 1 1
github.com/rachmanzz/words-xml/words/preprocessor.go:550.33,552.6 1 0
github.com/rachmanzz/words-xml/words/preprocessor.go:552.11,552.45 1 1
github.com/rachmanzz/words-xml/words/preprocessor.go:552.45,553.60 1 1
github.com/rachmanzz/words-xml/words/preprocessor.go:553.60,555.7 1 1
github.com/rachmanzz/words-xml/words/preprocessor.go:557.5,557.27 1 1
github.com/rachmanzz/words-xml/words/preprocessor.go:557.27,559.6 1 0
github.com/rachmanzz/words-xml/words/preprocessor.go:559.11,559.39 1 1
github.com/rachmanzz/words-xml/words/preprocessor.go:559.39,560.54 1 1
github.com/rachmanzz/words-xml/words/preprocessor.go:560.54,562.7 1 1
github.com/rachmanzz/words-xml/words/preprocessor.go:565.4,565.20 1 1
github.com/rachmanzz/words-xml/words/preprocessor.go:565.20,567.5 1 1
github.com/rachmanzz/words-xml/words/preprocessor.go:568.4,568.45 1 1
github.com/rachmanzz/words-xml/words/preprocessor.go:568.45,570.5 1 1
github.com/rachmanzz/words-xml/words/preprocessor.go:574.2,574.34 1 1
github.com/rachmanzz/words-xml/words/preprocessor.go:574.34,577.20 3 1
github.com/rachmanzz/words-xml/words/preprocessor.go:577.20,580.4 2 1
github.com/rachmanzz/words-xml/words/preprocessor.go:581.3,581.23 1 1
github.com/rachmanzz/words-xml/words/preprocessor.go:581.23,583.4 1 1
github.com/rachmanzz/words-xml/words/preprocessor.go:584.3,584.24 1 1
github.com/rachmanzz/words-xml/words/preprocessor.go:584.24,585.32 1 1
github.com/rachmanzz/words-xml/words/preprocessor.go:585.32,586.38 1 1
github.com/rachmanzz/words-xml/words/preprocessor.go:586.38,588.6 1 0
github.com/rachmanzz/words-xml/words/preprocessor.go:588.11,588.45 1 1
github.com/rachmanzz/words-xml/words/preprocessor.go:588.45,590.6 1 1
github.com/rachmanzz/words-xml/words/preprocessor.go:590.11,590.50 1 1
github.com/rachmanzz/words-xml/words/preprocessor.go:590.50,591.65 1 1
github.com/rachmanzz/words-xml/words/preprocessor.go:591.65,593.7 1 1
github.com/rachmanzz/words-xml/words/preprocessor.go:594.11,594.50 1 0
github.com/rachmanzz/words-xml/words/preprocessor.go:594.50,595.65 1 0
github.com/rachmanzz/words-xml/words/preprocessor.go:595.65,597.7 1 0
github.com/rachmanzz/words-xml/words/preprocessor.go:599.5,599.41 1 1
github.com/rachmanzz/words-xml/words/preprocessor.go:599.41,601.6 1 0
github.com/rachmanzz/words-xml/words/preprocessor.go:601.11,601.53 1 1
github.com/rachmanzz/words-xml/words/preprocessor.go:601.53,602.68 1 1
github.com/rachmanzz/words-xml/words/preprocessor.go:602.68,604.7 1 1
github.com/rachmanzz/words-xml/words/preprocessor.go:606.5,606.35 1 1
github.com/rachmanzz/words-xml/words/preprocessor.go:606.35,608.6 1 0
github.com/rachmanzz/words-xml/words/preprocessor.go:608.11,608.47 1 1
github.com/rachmanzz/words-xml/words/preprocessor.go:608.47,609.62 1 1
github.com/rachmanzz/words-xml/words/preprocessor.go:609.62,611.7 1 1
github.com/rachmanzz/words-xml/words/preprocessor.go:614.4,614.28 1 1
github.com/rachmanzz/words-xml/words/preprocessor.go:614.28,616.5 1 0
github.com/rachmanzz/words-xml/words/preprocessor.go:617.4,617.30 1 1
github.com/rachmanzz/words-xml/words/preprocessor.go:617.30,619.5 1 1
github.com/rachmanzz/words-xml/words/preprocessor.go:620.4,620.61 1 1
github.com/rachmanzz/words-xml/words/preprocessor.go:620.61,622.5 1 0
github.com/rachmanzz/words-xml/words/preprocessor.go:623.4,623.27 1 1
github.com/rachmanzz/words-xml/words/preprocessor.go:623.27,625.5 1 0
github.com/rachmanzz/words-xml/words/preprocessor.go:626.4,626.27 1 1
github.com/rachmanzz/words-xml/words/preprocessor.go:626.27,628.5 1 0
github.com/rachmanzz/words-xml/words/preprocessor.go:629.4,629.27 1 1
github.com/rachmanzz/words-xml/words/preprocessor.go:629.27,631.5 1 1
github.com/rachmanzz/words-xml/words/preprocessor.go:632.4,632.32 1 1
github.com/rachmanzz/words-xml/words/preprocessor.go:632.32,634.5 1 1
github.com/rachmanzz/words-xml/words/preprocessor.go:635.4,635.35 1 1
github.com/rachmanzz/words-xml/words/preprocessor.go:635.35,637.5 1 1
github.com/rachmanzz/words-xml/words/preprocessor.go:638.4,638.30 1 1
github.com/rachmanzz/words-xml/words/preprocessor.go:638.30,640.5 1 1
github.com/rachmanzz/words-xml/words/preprocessor.go:642.3,642.25 1 1
github.com/rachmanzz/words-xml/words/preprocessor.go:642.25,643.37 1 1
github.com/rachmanzz/words-xml/words/preprocessor.go:643.37,645.5 1 1
github.com/rachmanzz/words-xml/words/preprocessor.go:646.4,646.29 1 1
github.com/rachmanzz/words-xml/words/preprocessor.go:646.29,648.5 1 1
github.com/rachmanzz/words-xml/words/preprocessor.go:649.4,649.34 1 1
github.com/rachmanzz/words-xml/words/preprocessor.go:649.34,652.37 3 1
github.com/rachmanzz/words-xml/words/preprocessor.go:652.37,653.42 1 1
github.com/rachmanzz/words-xml/words/preprocessor.go:654.18,655.65 1 1
github.com/rachmanzz/words-xml/words/preprocessor.go:656.14,657.64 1 1
github.com/rachmanzz/words-xml/words/preprocessor.go:659.6,659.48 1 1
github.com/rachmanzz/words-xml/words/preprocessor.go:662.4,662.30 1 1
github.com/rachmanzz/words-xml/words/preprocessor.go:662.30,667.5 4 1
github.com/rachmanzz/words-xml/words/preprocessor.go:668.4,668.31 1 1
github.com/rachmanzz/words-xml/words/preprocessor.go:668.31,669.45 1 1
github.com/rachmanzz/words-xml/words/preprocessor.go:669.45,671.21 2 1
github.com/rachmanzz/words-xml/words/preprocessor.go:671.21,673.7 1 1
github.com/rachmanzz/words-xml/words/preprocessor.go:673.12,675.7 1 1
github.com/rachmanzz/words-xml/words/preprocessor.go:676.6,677.25 2 1
github.com/rachmanzz/words-xml/words/preprocessor.go:677.25,679.7 1 1
github.com/rachmanzz/words-xml/words/preprocessor.go:680.6,680.35 1 1
github.com/rachmanzz/words-xml/words/preprocessor.go:684.3,684.21 1 1
github.com/rachmanzz/words-xml/words/preprocessor.go:684.21,685.30 1 1
github.com/rachmanzz/words-xml/words/preprocessor.go:685.30,686.35 1 1
github.com/rachmanzz/words-xml/words/preprocessor.go:686.35,690.6 3 1
github.com/rachmanzz/words-xml/words/preprocessor.go:692.4,692.30 1 1
github.com/rachmanzz/words-xml/words/preprocessor.go:692.30,694.5 1 1
github.com/rachmanzz/words-xml/words/preprocessor.go:695.4,695.27 1 1
github.com/rachmanzz/words-xml/words/preprocessor.go:695.27,697.5 1 1
github.com/rachmanzz/words-xml/words/preprocessor.go:699.3,699.27 1 1
github.com/rachmanzz/words-xml/words/preprocessor.go:699.27,701.4 1 1
github.com/rachmanzz/words-xml/words/preprocessor.go:702.3,702.15 1 1
github.com/rachmanzz/words-xml/words/preprocessor.go:705.2,705.32 1 1
github.com/rachmanzz/words-xml/words/preprocessor.go:708.44,710.38 2 1
github.com/rachmanzz/words-xml/words/preprocessor.go:710.38,712.75 2 1
github.com/rachmanzz/words-xml/words/preprocessor.go:712.75,714.4 1 1
github.com/rachmanzz/words-xml/words/preprocessor.go:716.2,716.38 1 1
github.com/rachmanzz/words-xml/words/preprocessor.go:716.38,718.3 1 1
github.com/rachmanzz/words-xml/words/preprocessor.go:719.2,719.22 1 1
github.com/rachmanzz/words-xml/words/preprocessor.go:719.22,721.3 1 0
github.com/rachmanzz/words-xml/words/preprocessor.go:722.2,722.10 1 1
github.com/rachmanzz/words-xml/words/preprocessor.go:725.87,727.15 2 1
github.com/rachmanzz/words-xml/words/preprocessor.go:727.15,729.3 1 1
github.com/rachmanzz/words-xml/words/preprocessor.go:730.2,732.41 3 1
github.com/rachmanzz/words-xml/words/preprocessor.go:732.41,735.10 3 1
github.com/rachmanzz/words-xml/words/preprocessor.go:735.10,736.9 1 1
github.com/rachmanzz/words-xml/words/preprocessor.go:738.3,738.26 1 1
github.com/rachmanzz/words-xml/words/preprocessor.go:738.26,740.4 1 0
github.com/rachmanzz/words-xml/words/preprocessor.go:741.3,741.23 1 1
github.com/rachmanzz/words-xml/words/preprocessor.go:743.2,743.10 1 1
github.com/rachmanzz/words-xml/words/preprocessor.go:748.99,750.64 2 1
github.com/rachmanzz/words-xml/words/preprocessor.go:750.64,752.3 1 0
github.com/rachmanzz/words-xml/words/preprocessor.go:754.2,755.44 2 1
github.com/rachmanzz/words-xml/words/preprocessor.go:755.44,757.33 2 1
github.com/rachmanzz/words-xml/words/preprocessor.go:757.33,758.25 1 1
github.com/rachmanzz/words-xml/words/preprocessor.go:758.25,760.5 1 1
github.com/rachmanzz/words-xml/words/preprocessor.go:762.3,762.30 1 1
github.com/rachmanzz/words-xml/words/preprocessor.go:765.2,768.37 4 1
github.com/rachmanzz/words-xml/words/preprocessor.go:768.37,770.31 2 1
github.com/rachmanzz/words-xml/words/preprocessor.go:770.31,772.4 1 1
github.com/rachmanzz/words-xml/words/preprocessor.go:773.3,774.37 2 1
github.com/rachmanzz/words-xml/words/preprocessor.go:774.37,775.29 1 1
github.com/rachmanzz/words-xml/words/preprocessor.go:775.29,778.5 2 1
github.com/rachmanzz/words-xml/words/preprocessor.go:780.3,780.39 1 1
github.com/rachmanzz/words-xml/words/preprocessor.go:780.39,781.31 1 1
github.com/rachmanzz/words-xml/words/preprocessor.go:781.31,782.45 1 1
github.com/rachmanzz/words-xml/words/preprocessor.go:782.45,784.6 1 1
github.com/rachmanzz/words-xml/words/preprocessor.go:785.5,785.59 1 1
github.com/rachmanzz/words-xml/words/preprocessor.go:790.2,790.46 1 1
github.com/rachmanzz/words-xml/words/preprocessor.go:795.282,799.21 3 1
github.com/rachmanzz/words-xml/words/preprocessor.go:799.21,802.41 2 1
github.com/rachmanzz/words-xml/words/preprocessor.go:802.41,805.31 3 1
github.com/rachmanzz/words-xml/words/preprocessor.go:805.31,807.5 1 1
github.com/rachmanzz/words-xml/words/preprocessor.go:809.4,817.37 3 1
github.com/rachmanzz/words-xml/words/preprocessor.go:817.37,818.23 1 1
github.com/rachmanzz/words-xml/words/preprocessor.go:818.23,820.6 1 1
github.com/rachmanzz/words-xml/words/preprocessor.go:823.4,828.12 6 1
github.com/rachmanzz/words-xml/words/preprocessor.go:831.3,835.34 4 1
github.com/rachmanzz/words-xml/words/preprocessor.go:835.34,836.29 1 0
github.com/rachmanzz/words-xml/words/preprocessor.go:836.29,837.13 1 0
github.com/rachmanzz/words-xml/words/preprocessor.go:839.4,840.37 2 0
github.com/rachmanzz/words-xml/words/preprocessor.go:842.3,842.6 1 1
github.com/rachmanzz/words-xml/words/preprocessor.go:845.2,845.25 1 1
github.com/rachmanzz/words-xml/words/preprocessor.go:845.25,848.3 2 1
github.com/rachmanzz/words-xml/words/preprocessor.go:850.2,850.27 1 1
github.com/rachmanzz/words-xml/words/preprocessor.go:850.27,852.3 1 1
github.com/rachmanzz/words-xml/words/preprocessor.go:854.2,854.14 1 1
github.com/rachmanzz/words-xml/words/preprocessor.go:857.256,860.18 2 1
github.com/rachmanzz/words-xml/words/preprocessor.go:860.18,861.26 1 1
github.com/rachmanzz/words-xml/words/preprocessor.go:861.26,863.48 2 1
github.com/rachmanzz/words-xml/words/preprocessor.go:863.48,865.5 1 1
github.com/rachmanzz/words-xml/words/preprocessor.go:866.4,866.77 1 1
github.com/rachmanzz/words-xml/words/preprocessor.go:868.3,868.24 1 1
github.com/rachmanzz/words-xml/words/preprocessor.go:868.24,870.4 1 1
github.com/rachmanzz/words-xml/words/preprocessor.go:871.3,871.48 1 1
github.com/rachmanzz/words-xml/words/preprocessor.go:871.48,873.4 1 1
github.com/rachmanzz/words-xml/words/preprocessor.go:874.3,874.58 1 1
github.com/rachmanzz/words-xml/words/preprocessor.go:874.58,876.4 1 1
github.com/rachmanzz/words-xml/words/preprocessor.go:877.3,877.44 1 1
github.com/rachmanzz/words-xml/words/preprocessor.go:877.44,879.4 1 1
github.com/rachmanzz/words-xml/words/preprocessor.go:880.3,880.27 1 1
github.com/rachmanzz/words-xml/words/preprocessor.go:880.27,883.30 3 0
github.com/rachmanzz/words-xml/words/preprocessor.go:883.30,884.35 1 0
github.com/rachmanzz/words-xml/words/preprocessor.go:885.17,886.58 1 0
github.com/rachmanzz/words-xml/words/preprocessor.go:887.13,888.57 1 0
github.com/rachmanzz/words-xml/words/preprocessor.go:890.5,890.41 1 0
github.com/rachmanzz/words-xml/words/preprocessor.go:893.3,893.23 1 1
github.com/rachmanzz/words-xml/words/preprocessor.go:893.23,898.4 4 0
github.com/rachmanzz/words-xml/words/preprocessor.go:899.3,899.24 1 1
github.com/rachmanzz/words-xml/words/preprocessor.go:899.24,900.38 1 0
github.com/rachmanzz/words-xml/words/preprocessor.go:900.38,902.20 2 0
github.com/rachmanzz/words-xml/words/preprocessor.go:902.20,904.6 1 0
github.com/rachmanzz/words-xml/words/preprocessor.go:904.11,906.6 1 0
github.com/rachmanzz/words-xml/words/preprocessor.go:907.5,908.24 2 0
github.com/rachmanzz/words-xml/words/preprocessor.go:908.24,910.6 1 0
github.com/rachmanzz/words-xml/words/preprocessor.go:911.5,911.34 1 0
github.com/rachmanzz/words-xml/words/preprocessor.go:914.3,914.24 1 1
github.com/rachmanzz/words-xml/words/preprocessor.go:914.24,915.29 1 0
github.com/rachmanzz/words-xml/words/preprocessor.go:915.29,917.5 1 0
github.com/rachmanzz/words-xml/words/preprocessor.go:918.4,918.32 1 0
github.com/rachmanzz/words-xml/words/preprocessor.go:918.32,920.5 1 0
github.com/rachmanzz/words-xml/words/preprocessor.go:921.4,921.30 1 0
github.com/rachmanzz/words-xml/words/preprocessor.go:921.30,923.5 1 0
github.com/rachmanzz/words-xml/words/preprocessor.go:924.4,924.31 1 0
github.com/rachmanzz/words-xml/words/preprocessor.go:924.31,926.5 1 0
github.com/rachmanzz/words-xml/words/preprocessor.go:930.2,949.24 8 1
github.com/rachmanzz/words-xml/words/preprocessor.go:949.24,950.53 1 1
github.com/rachmanzz/words-xml/words/preprocessor.go:950.53,952.4 1 1
github.com/rachmanzz/words-xml/words/preprocessor.go:954.2,954.38 1 1
github.com/rachmanzz/words-xml/words/preprocessor.go:954.38,955.48 1 1
github.com/rachmanzz/words-xml/words/preprocessor.go:955.48,957.4 1 0
github.com/rachmanzz/words-xml/words/preprocessor.go:960.2,961.24 2 1
github.com/rachmanzz/words-xml/words/preprocessor.go:961.24,963.31 2 1
github.com/rachmanzz/words-xml/words/preprocessor.go:963.31,964.30 1 1
github.com/rachmanzz/words-xml/words/preprocessor.go:964.30,966.10 2 1
github.com/rachmanzz/words-xml/words/preprocessor.go:970.2,970.38 1 1
github.com/rachmanzz/words-xml/words/preprocessor.go:970.38,972.31 2 1
github.com/rachmanzz/words-xml/words/preprocessor.go:972.31,973.31 1 1
github.com/rachmanzz/words-xml/words/preprocessor.go:973.31,975.10 2 0
github.com/rachmanzz/words-xml/words/preprocessor.go:980.2,981.18 2 1
github.com/rachmanzz/words-xml/words/preprocessor.go:981.18,982.28 1 1
github.com/rachmanzz/words-xml/words/preprocessor.go:982.28,983.43 1 1
github.com/rachmanzz/words-xml/words/preprocessor.go:983.43,985.10 2 1
github.com/rachmanzz/words-xml/words/preprocessor.go:987.4,987.84 1 1
github.com/rachmanzz/words-xml/words/preprocessor.go:987.84,989.10 2 1
github.com/rachmanzz/words-xml/words/preprocessor.go:994.2,1000.36 5 1
github.com/rachmanzz/words-xml/words/preprocessor.go:1000.36,1002.26 2 1
github.com/rachmanzz/words-xml/words/preprocessor.go:1002.26,1004.4 1 1
github.com/rachmanzz/words-xml/words/preprocessor.go:1005.3,1005.41 1 1
github.com/rachmanzz/words-xml/words/preprocessor.go:1005.41,1007.4 1 1
github.com/rachmanzz/words-xml/words/preprocessor.go:1010.2,1010.63 1 1
github.com/rachmanzz/words-xml/words/preprocessor.go:1013.264,1020.52 5 1
github.com/rachmanzz/words-xml/words/preprocessor.go:1020.52,1024.23 3 1
github.com/rachmanzz/words-xml/words/preprocessor.go:1024.23,1025.26 1 0
github.com/rachmanzz/words-xml/words/preprocessor.go:1026.17,1028.27 2 0
github.com/rachmanzz/words-xml/words/preprocessor.go:1029.20,1030.26 1 0
github.com/rachmanzz/words-xml/words/preprocessor.go:1031.15,1033.27 2 0
github.com/rachmanzz/words-xml/words/preprocessor.go:1035.4,1035.21 1 0
github.com/rachmanzz/words-xml/words/preprocessor.go:1037.3,1037.27 1 1
github.com/rachmanzz/words-xml/words/preprocessor.go:1037.27,1039.45 2 0
github.com/rachmanzz/words-xml/words/preprocessor.go:1039.45,1040.48 1 0
github.com/rachmanzz/words-xml/words/preprocessor.go:1040.48,1042.6 1 0
github.com/rachmanzz/words-xml/words/preprocessor.go:1044.4,1044.21 1 0
github.com/rachmanzz/words-xml/words/preprocessor.go:1047.3,1047.20 1 1
github.com/rachmanzz/words-xml/words/preprocessor.go:1047.20,1048.52 1 1
github.com/rachmanzz/words-xml/words/preprocessor.go:1048.52,1050.5 1 1
github.com/rachmanzz/words-xml/words/preprocessor.go:1051.4,1051.21 1 1
github.com/rachmanzz/words-xml/words/preprocessor.go:1054.3,1054.23 1 1
github.com/rachmanzz/words-xml/words/preprocessor.go:1054.23,1055.36 1 1
github.com/rachmanzz/words-xml/words/preprocessor.go:1055.36,1057.5 1 0
github.com/rachmanzz/words-xml/words/preprocessor.go:1057.10,1057.65 1 1
github.com/rachmanzz/words-xml/words/preprocessor.go:1057.65,1059.5 1 0
github.com/rachmanzz/words-xml/words/preprocessor.go:1060.4,1060.21 1 1
github.com/rachmanzz/words-xml/words/preprocessor.go:1063.3,1063.19 1 1
github.com/rachmanzz/words-xml/words/preprocessor.go:1063.19,1066.4 2 0
github.com/rachmanzz/words-xml/words/preprocessor.go:1068.3,1070.28 3 1
github.com/rachmanzz/words-xml/words/preprocessor.go:1070.28,1072.29 2 1
github.com/rachmanzz/words-xml/words/preprocessor.go:1072.29,1074.5 1 1
github.com/rachmanzz/words-xml/words/preprocessor.go:1077.3,1077.54 1 1
github.com/rachmanzz/words-xml/words/preprocessor.go:1077.54,1079.4 1 1
github.com/rachmanzz/words-xml/words/preprocessor.go:1081.3,1083.19 2 1
github.com/rachmanzz/words-xml/words/preprocessor.go:1083.19,1087.4 3 1
github.com/rachmanzz/words-xml/words/preprocessor.go:1089.3,1089.21 1 1
github.com/rachmanzz/words-xml/words/preprocessor.go:1089.21,1092.26 3 1
github.com/rachmanzz/words-xml/words/preprocessor.go:1092.26,1094.5 1 0
github.com/rachmanzz/words-xml/words/preprocessor.go:1095.4,1096.21 2 1
github.com/rachmanzz/words-xml/words/preprocessor.go:1099.3,1099.29 1 1
github.com/rachmanzz/words-xml/words/preprocessor.go:1099.29,1104.4 4 1
github.com/rachmanzz/words-xml/words/preprocessor.go:1106.3,1106.26 1 1
github.com/rachmanzz/words-xml/words/preprocessor.go:1106.26,1111.4 4 1
github.com/rachmanzz/words-xml/words/preprocessor.go:1113.3,1113.27 1 1
github.com/rachmanzz/words-xml/words/preprocessor.go:1113.27,1119.4 5 1
github.com/rachmanzz/words-xml/words/preprocessor.go:1121.3,1121.26 1 1
github.com/rachmanzz/words-xml/words/preprocessor.go:1121.26,1127.4 5 1
github.com/rachmanzz/words-xml/words/preprocessor.go:1129.3,1129.17 1 1
github.com/rachmanzz/words-xml/words/preprocessor.go:1129.17,1131.4 1 1
github.com/rachmanzz/words-xml/words/preprocessor.go:1133.3,1134.39 2 1
github.com/rachmanzz/words-xml/words/preprocessor.go:1134.39,1137.4 2 0
github.com/rachmanzz/words-xml/words/preprocessor.go:1138.3,1140.20 3 1
github.com/rachmanzz/words-xml/words/preprocessor.go:1143.2,1143.50 1 1
github.com/rachmanzz/words-xml/words/preprocessor.go:1143.50,1145.3 1 1
github.com/rachmanzz/words-xml/words/preprocessor.go:1147.2,1147.27 1 1
github.com/rachmanzz/words-xml/words/preprocessor.go:1147.27,1152.19 4 1
github.com/rachmanzz/words-xml/words/preprocessor.go:1152.19,1153.34 1 1
github.com/rachmanzz/words-xml/words/preprocessor.go:1153.34,1155.28 2 1
github.com/rachmanzz/words-xml/words/preprocessor.go:1155.28,1157.6 1 1
github.com/rachmanzz/words-xml/words/preprocessor.go:1158.5,1158.36 1 1
github.com/rachmanzz/words-xml/words/preprocessor.go:1161.3,1161.19 1 1
github.com/rachmanzz/words-xml/words/preprocessor.go:1161.19,1162.34 1 0
github.com/rachmanzz/words-xml/words/preprocessor.go:1162.34,1164.28 2 0
github.com/rachmanzz/words-xml/words/preprocessor.go:1164.28,1166.6 1 0
github.com/rachmanzz/words-xml/words/preprocessor.go:1167.5,1167.36 1 0
github.com/rachmanzz/words-xml/words/preprocessor.go:1172.2,1172.34 1 1
github.com/rachmanzz/words-xml/words/preprocessor.go:1172.34,1173.29 1 1
github.com/rachmanzz/words-xml/words/preprocessor.go:1173.29,1175.29 2 1
github.com/rachmanzz/words-xml/words/preprocessor.go:1175.29,1177.5 1 1
github.com/rachmanzz/words-xml/words/preprocessor.go:1178.4,1178.18 1 1
github.com/rachmanzz/words-xml/words/preprocessor.go:1178.18,1179.13 1 0
github.com/rachmanzz/words-xml/words/preprocessor.go:1181.4,1183.17 3 1
github.com/rachmanzz/words-xml/words/preprocessor.go:1183.17,1185.5 1 1
github.com/rachmanzz/words-xml/words/preprocessor.go:1186.4,1186.20 1 1
github.com/rachmanzz/words-xml/words/preprocessor.go:1186.20,1189.5 2 1
github.com/rachmanzz/words-xml/words/preprocessor.go:1190.4,1190.27 1 1
github.com/rachmanzz/words-xml/words/preprocessor.go:1194.2,1194.26 1 1
github.com/rachmanzz/words-xml/words/preprocessor.go:1194.26,1196.28 2 0
github.com/rachmanzz/words-xml/words/preprocessor.go:1196.28,1198.13 2 0
github.com/rachmanzz/words-xml/words/preprocessor.go:1198.13,1199.24 1 0
github.com/rachmanzz/words-xml/words/preprocessor.go:1199.24,1201.6 1 0
github.com/rachmanzz/words-xml/words/preprocessor.go:1203.4,1204.39 2 0
github.com/rachmanzz/words-xml/words/preprocessor.go:1207.2,1207.26 1 1
github.com/rachmanzz/words-xml/words/preprocessor.go:1207.26,1209.28 2 0
github.com/rachmanzz/words-xml/words/preprocessor.go:1209.28,1211.13 2 0
github.com/rachmanzz/words-xml/words/preprocessor.go:1211.13,1212.24 1 0
github.com/rachmanzz/words-xml/words/preprocessor.go:1212.24,1214.6 1 0
github.com/rachmanzz/words-xml/words/preprocessor.go:1216.4,1217.39 2 0
github.com/rachmanzz/words-xml/words/preprocessor.go:1221.2,1221.22 1 1
github.com/rachmanzz/words-xml/words/preprocessor.go:1224.237,1227.22 2 1
github.com/rachmanzz/words-xml/words/preprocessor.go:1227.22,1228.32 1 1
github.com/rachmanzz/words-xml/words/preprocessor.go:1228.32,1230.49 2 1
github.com/rachmanzz/words-xml/words/preprocessor.go:1230.49,1232.5 1 1
github.com/rachmanzz/words-xml/words/preprocessor.go:1232.10,1234.5 1 0
github.com/rachmanzz/words-xml/words/preprocessor.go:1236.3,1236.28 1 1
github.com/rachmanzz/words-xml/words/preprocessor.go:1236.28,1238.4 1 1
github.com/rachmanzz/words-xml/words/preprocessor.go:1239.3,1239.26 1 1
github.com/rachmanzz/words-xml/words/preprocessor.go:1239.26,1241.4 1 1
github.com/rachmanzz/words-xml/words/preprocessor.go:1242.3,1242.27 1 1
github.com/rachmanzz/words-xml/words/preprocessor.go:1242.27,1244.4 1 1
github.com/rachmanzz/words-xml/words/preprocessor.go:1245.3,1245.31 1 1
github.com/rachmanzz/words-xml/words/preprocessor.go:1245.31,1247.4 1 1
github.com/rachmanzz/words-xml/words/preprocessor.go:1248.3,1248.31 1 1
github.com/rachmanzz/words-xml/words/preprocessor.go:1248.31,1250.4 1 1
github.com/rachmanzz/words-xml/words/preprocessor.go:1251.3,1251.28 1 1
github.com/rachmanzz/words-xml/words/preprocessor.go:1251.28,1253.4 1 1
github.com/rachmanzz/words-xml/words/preprocessor.go:1254.3,1254.31 1 1
github.com/rachmanzz/words-xml/words/preprocessor.go:1254.31,1255.36 1 1
github.com/rachmanzz/words-xml/words/preprocessor.go:1255.36,1257.5 1 1
github.com/rachmanzz/words-xml/words/preprocessor.go:1258.4,1258.39 1 1
github.com/rachmanzz/words-xml/words/preprocessor.go:1258.39,1260.5 1 1
github.com/rachmanzz/words-xml/words/preprocessor.go:1261.4,1261.37 1 1
github.com/rachmanzz/words-xml/words/preprocessor.go:1261.37,1263.5 1 1
github.com/rachmanzz/words-xml/words/preprocessor.go:1264.4,1264.38 1 1
github.com/rachmanzz/words-xml/words/preprocessor.go:1264.38,1266.5 1 1
github.com/rachmanzz/words-xml/words/preprocessor.go:1270.2,1270.24 1 1
github.com/rachmanzz/words-xml/words/preprocessor.go:1270.24,1271.40 1 1
github.com/rachmanzz/words-xml/words/preprocessor.go:1271.40,1273.4 1 1
github.com/rachmanzz/words-xml/words/preprocessor.go:1276.2,1276.31 1 1
github.com/rachmanzz/words-xml/words/preprocessor.go:1276.31,1278.51 2 1
github.com/rachmanzz/words-xml/words/preprocessor.go:1278.51,1280.4 1 1
github.com/rachmanzz/words-xml/words/preprocessor.go:1281.3,1281.34 1 1
github.com/rachmanzz/words-xml/words/preprocessor.go:1281.34,1283.24 2 1
github.com/rachmanzz/words-xml/words/preprocessor.go:1283.24,1284.34 1 1
github.com/rachmanzz/words-xml/words/preprocessor.go:1284.34,1286.6 1 1
github.com/rachmanzz/words-xml/words/preprocessor.go:1287.5,1287.32 1 1
github.com/rachmanzz/words-xml/words/preprocessor.go:1287.32,1288.43 1 1
github.com/rachmanzz/words-xml/words/preprocessor.go:1288.43,1290.7 1 1
github.com/rachmanzz/words-xml/words/preprocessor.go:1290.12,1292.7 1 1
github.com/rachmanzz/words-xml/words/preprocessor.go:1294.5,1294.32 1 1
github.com/rachmanzz/words-xml/words/preprocessor.go:1294.32,1296.6 1 1
github.com/rachmanzz/words-xml/words/preprocessor.go:1297.5,1297.33 1 1
github.com/rachmanzz/words-xml/words/preprocessor.go:1297.33,1299.6 1 0
github.com/rachmanzz/words-xml/words/preprocessor.go:1300.5,1301.33 2 1
github.com/rachmanzz/words-xml/words/preprocessor.go:1301.33,1302.38 1 1
github.com/rachmanzz/words-xml/words/preprocessor.go:1302.38,1304.7 1 1
github.com/rachmanzz/words-xml/words/preprocessor.go:1305.6,1305.41 1 1
github.com/rachmanzz/words-xml/words/preprocessor.go:1305.41,1307.7 1 1
github.com/rachmanzz/words-xml/words/preprocessor.go:1308.6,1308.39 1 1
github.com/rachmanzz/words-xml/words/preprocessor.go:1308.39,1310.7 1 0
github.com/rachmanzz/words-xml/words/preprocessor.go:1311.6,1311.40 1 1
github.com/rachmanzz/words-xml/words/preprocessor.go:1311.40,1313.7 1 0
github.com/rachmanzz/words-xml/words/preprocessor.go:1316.4,1317.34 2 1
github.com/rachmanzz/words-xml/words/preprocessor.go:1317.34,1318.54 1 1
github.com/rachmanzz/words-xml/words/preprocessor.go:1318.54,1319.42 1 1
github.com/rachmanzz/words-xml/words/preprocessor.go:1319.42,1320.23 1 1
github.com/rachmanzz/words-xml/words/preprocessor.go:1320.23,1322.13 2 0
github.com/rachmanzz/words-xml/words/preprocessor.go:1325.6,1325.23 1 1
github.com/rachmanzz/words-xml/words/preprocessor.go:1325.23,1326.12 1 0
github.com/rachmanzz/words-xml/words/preprocessor.go:1330.4,1330.35 1 1
github.com/rachmanzz/words-xml/words/preprocessor.go:1332.3,1332.30 1 1
github.com/rachmanzz/words-xml/words/preprocessor.go:1335.2,1340.25 3 1
github.com/rachmanzz/words-xml/words/preprocessor.go:1340.25,1342.36 2 1
github.com/rachmanzz/words-xml/words/preprocessor.go:1342.36,1345.14 3 1
github.com/rachmanzz/words-xml/words/preprocessor.go:1345.14,1347.5 1 1
github.com/rachmanzz/words-xml/words/preprocessor.go:1348.4,1350.24 3 1
github.com/rachmanzz/words-xml/words/preprocessor.go:1350.24,1352.5 1 1
github.com/rachmanzz/words-xml/words/preprocessor.go:1355.2,1355.25 1 1
github.com/rachmanzz/words-xml/words/preprocessor.go:1355.25,1357.36 2 1
github.com/rachmanzz/words-xml/words/preprocessor.go:1357.36,1360.14 3 1
github.com/rachmanzz/words-xml/words/preprocessor.go:1360.14,1362.5 1 1
github.com/rachmanzz/words-xml/words/preprocessor.go:1363.4,1365.24 3 1
github.com/rachmanzz/words-xml/words/preprocessor.go:1365.24,1366.43 1 1
github.com/rachmanzz/words-xml/words/preprocessor.go:1366.43,1367.53 1 1
github.com/rachmanzz/words-xml/words/preprocessor.go:1367.53,1370.12 3 1
github.com/rachmanzz/words-xml/words/preprocessor.go:1373.5,1373.22 1 1
github.com/rachmanzz/words-xml/words/preprocessor.go:1373.22,1375.6 1 0
github.com/rachmanzz/words-xml/words/preprocessor.go:1379.2,1379.30 1 1
github.com/rachmanzz/words-xml/words/preprocessor.go:1379.30,1381.20 2 1
github.com/rachmanzz/words-xml/words/preprocessor.go:1381.20,1383.37 2 1
github.com/rachmanzz/words-xml/words/preprocessor.go:1383.37,1385.15 2 1
github.com/rachmanzz/words-xml/words/preprocessor.go:1385.15,1387.6 1 1
github.com/rachmanzz/words-xml/words/preprocessor.go:1388.5,1388.24 1 1
github.com/rachmanzz/words-xml/words/preprocessor.go:1388.24,1390.11 2 1
github.com/rachmanzz/words-xml/words/preprocessor.go:1392.5,1392.17 1 0
github.com/rachmanzz/words-xml/words/preprocessor.go:1397.2,1397.10 1 1
github.com/rachmanzz/words-xml/words/preprocessor.go:1402.47,1404.56 2 1
github.com/rachmanzz/words-xml/words/preprocessor.go:1404.56,1406.3 1 1
github.com/rachmanzz/words-xml/words/preprocessor.go:1407.2,1408.32 2 1
github.com/rachmanzz/words-xml/words/preprocessor.go:1408.32,1409.54 1 1
github.com/rachmanzz/words-xml/words/preprocessor.go:1409.54,1410.23 1 1
github.com/rachmanzz/words-xml/words/preprocessor.go:1410.23,1411.63 1 1
github.com/rachmanzz/words-xml/words/preprocessor.go:1411.63,1413.6 1 1
github.com/rachmanzz/words-xml/words/preprocessor.go:1414.5,1414.57 1 1
github.com/rachmanzz/words-xml/words/preprocessor.go:1414.57,1416.6 1 1
github.com/rachmanzz/words-xml/words/preprocessor.go:1417.5,1417.57 1 1
github.com/rachmanzz/words-xml/words/preprocessor.go:1417.57,1419.6 1 1
github.com/rachmanzz/words-xml/words/preprocessor.go:1420.5,1420.63 1 1
github.com/rachmanzz/words-xml/words/preprocessor.go:1420.63,1423.6 2 1
github.com/rachmanzz/words-xml/words/preprocessor.go:1424.5,1424.57 1 1
github.com/rachmanzz/words-xml/words/preprocessor.go:1424.57,1426.6 1 1
github.com/rachmanzz/words-xml/words/preprocessor.go:1427.5,1427.57 1 1
github.com/rachmanzz/words-xml/words/preprocessor.go:1427.57,1429.6 1 1
github.com/rachmanzz/words-xml/words/preprocessor.go:1431.4,1431.23 1 1
github.com/rachmanzz/words-xml/words/preprocessor.go:1431.23,1432.63 1 1
github.com/rachmanzz/words-xml/words/preprocessor.go:1432.63,1435.6 2 1
github.com/rachmanzz/words-xml/words/preprocessor.go:1436.5,1436.57 1 1
github.com/rachmanzz/words-xml/words/preprocessor.go:1436.57,1438.6 1 1
github.com/rachmanzz/words-xml/words/preprocessor.go:1439.5,1439.57 1 1
github.com/rachmanzz/words-xml/words/preprocessor.go:1439.57,1441.6 1 1
github.com/rachmanzz/words-xml/words/preprocessor.go:1444.3,1444.53 1 1
github.com/rachmanzz/words-xml/words/preprocessor.go:1444.53,1445.46 1 1
github.com/rachmanzz/words-xml/words/preprocessor.go:1445.46,1447.5 1 1
github.com/rachmanzz/words-xml/words/preprocessor.go:1448.4,1448.46 1 1
github.com/rachmanzz/words-xml/words/preprocessor.go:1448.46,1450.5 1 1
github.com/rachmanzz/words-xml/words/preprocessor.go:1453.2,1453.34 1 1
github.com/rachmanzz/words-xml/words/preprocessor.go:1453.34,1455.3 1 0
github.com/rachmanzz/words-xml/words/preprocessor.go:1456.2,1456.11 1 1
github.com/rachmanzz/words-xml/words/preprocessor.go:1459.69,1460.14 1 1
github.com/rachmanzz/words-xml/words/preprocessor.go:1460.14,1462.3 1 0
github.com/rachmanzz/words-xml/words/preprocessor.go:1463.2,1464.21 2 1
github.com/rachmanzz/words-xml/words/preprocessor.go:1464.21,1466.3 1 0
github.com/rachmanzz/words-xml/words/preprocessor.go:1466.8,1466.28 1 1
github.com/rachmanzz/words-xml/words/preprocessor.go:1466.28,1472.3 1 0
github.com/rachmanzz/words-xml/words/preprocessor.go:1473.2,1473.122 1 1
github.com/rachmanzz/words-xml/words/preprocessor.go:1473.122,1475.3 1 1
github.com/rachmanzz/words-xml/words/preprocessor.go:1476.2,1478.15 3 0
github.com/rachmanzz/words-xml/words/preprocessor.go:1478.15,1480.3 1 0
github.com/rachmanzz/words-xml/words/preprocessor.go:1481.2,1486.26 2 0
github.com/rachmanzz/words-xml/words/preprocessor.go:1486.26,1489.3 2 0
github.com/rachmanzz/words-xml/words/preprocessor.go:1490.2,1490.11 1 0
github.com/rachmanzz/words-xml/words/preprocessor.go:1493.66,1494.39 1 1
github.com/rachmanzz/words-xml/words/preprocessor.go:1494.39,1496.3 1 0
github.com/rachmanzz/words-xml/words/preprocessor.go:1497.2,1498.20 2 1
github.com/rachmanzz/words-xml/words/preprocessor.go:1498.20,1500.3 1 0
github.com/rachmanzz/words-xml/words/preprocessor.go:1501.2,1502.36 2 1
github.com/rachmanzz/words-xml/words/preprocessor.go:1502.36,1503.23 1 1
github.com/rachmanzz/words-xml/words/preprocessor.go:1503.23,1505.9 2 1
github.com/rachmanzz/words-xml/words/preprocessor.go:1508.2,1508.15 1 1
github.com/rachmanzz/words-xml/words/preprocessor.go:1508.15,1510.3 1 0
github.com/rachmanzz/words-xml/words/preprocessor.go:1511.2,1512.15 2 1
github.com/rachmanzz/words-xml/words/preprocessor.go:1512.15,1514.3 1 1
github.com/rachmanzz/words-xml/words/preprocessor.go:1515.2,1518.3 1 1
github.com/rachmanzz/words-xml/words/preprocessor.go:1521.55,1523.44 2 1
github.com/rachmanzz/words-xml/words/preprocessor.go:1523.44,1525.3 1 1
github.com/rachmanzz/words-xml/words/preprocessor.go:1526.2,1528.66 3 1
github.com/rachmanzz/words-xml/words/preprocessor.go:1528.66,1530.3 1 1
github.com/rachmanzz/words-xml/words/preprocessor.go:1531.2,1531.19 1 1
github.com/rachmanzz/words-xml/words/preprocessor.go:1534.80,1535.16 1 1
github.com/rachmanzz/words-xml/words/preprocessor.go:1535.16,1537.3 1 1
github.com/rachmanzz/words-xml/words/preprocessor.go:1538.2,1542.18 5 1
github.com/rachmanzz/words-xml/words/preprocessor.go:1542.18,1544.3 1 1
github.com/rachmanzz/words-xml/words/preprocessor.go:1545.2,1548.26 4 1
github.com/rachmanzz/words-xml/words/preprocessor.go:1548.26,1549.41 1 1
github.com/rachmanzz/words-xml/words/preprocessor.go:1549.41,1551.4 1 1
github.com/rachmanzz/words-xml/words/preprocessor.go:1551.9,1551.46 1 1
github.com/rachmanzz/words-xml/words/preprocessor.go:1551.46,1553.4 1 1
github.com/rachmanzz/words-xml/words/preprocessor.go:1555.2,1555.23 1 1
github.com/rachmanzz/words-xml/words/preprocessor.go:1555.23,1556.29 1 1
github.com/rachmanzz/words-xml/words/preprocessor.go:1556.29,1558.4 1 1
github.com/rachmanzz/words-xml/words/preprocessor.go:1558.9,1558.36 1 1
github.com/rachmanzz/words-xml/words/preprocessor.go:1558.36,1560.4 1 0
github.com/rachmanzz/words-xml/words/preprocessor.go:1560.9,1560.41 1 1
github.com/rachmanzz/words-xml/words/preprocessor.go:1560.41,1561.56 1 1
github.com/rachmanzz/words-xml/words/preprocessor.go:1561.56,1563.5 1 1
github.com/rachmanzz/words-xml/words/preprocessor.go:1564.9,1564.41 1 0
github.com/rachmanzz/words-xml/words/preprocessor.go:1564.41,1565.56 1 0
github.com/rachmanzz/words-xml/words/preprocessor.go:1565.56,1567.5 1 0
github.com/rachmanzz/words-xml/words/preprocessor.go:1569.3,1569.32 1 1
github.com/rachmanzz/words-xml/words/preprocessor.go:1569.32,1571.4 1 1
github.com/rachmanzz/words-xml/words/preprocessor.go:1571.9,1571.44 1 1
github.com/rachmanzz/words-xml/words/preprocessor.go:1571.44,1572.59 1 0
github.com/rachmanzz/words-xml/words/preprocessor.go:1572.59,1574.5 1 0
github.com/rachmanzz/words-xml/words/preprocessor.go:1576.3,1576.26 1 1
github.com/rachmanzz/words-xml/words/preprocessor.go:1576.26,1578.4 1 1
github.com/rachmanzz/words-xml/words/preprocessor.go:1578.9,1578.38 1 1
github.com/rachmanzz/words-xml/words/preprocessor.go:1578.38,1579.53 1 0
github.com/rachmanzz/words-xml/words/preprocessor.go:1579.53,1581.5 1 0
github.com/rachmanzz/words-xml/words/preprocessor.go:1584.2,1584.19 1 1
github.com/rachmanzz/words-xml/words/preprocessor.go:1584.19,1586.3 1 1
github.com/rachmanzz/words-xml/words/preprocessor.go:1587.2,1587.21 1 1
github.com/rachmanzz/words-xml/words/preprocessor.go:1587.21,1589.3 1 1
github.com/rachmanzz/words-xml/words/preprocessor.go:1590.2,1590.22 1 1
github.com/rachmanzz/words-xml/words/preprocessor.go:1590.22,1592.3 1 1
github.com/rachmanzz/words-xml/words/preprocessor.go:1593.2,1593.26 1 1
github.com/rachmanzz/words-xml/words/preprocessor.go:1593.26,1595.3 1 1
github.com/rachmanzz/words-xml/words/preprocessor.go:1596.2,1597.21 2 1
github.com/rachmanzz/words-xml/words/preprocessor.go:1597.21,1599.3 1 1
github.com/rachmanzz/words-xml/words/preprocessor.go:1600.2,1600.27 1 1
github.com/rachmanzz/words-xml/words/preprocessor.go:1603.43,1604.13 1 1
github.com/rachmanzz/words-xml/words/preprocessor.go:1605.16,1606.13 1 1
github.com/rachmanzz/words-xml/words/preprocessor.go:1607.16,1608.13 1 1
github.com/rachmanzz/words-xml/words/preprocessor.go:1609.32,1610.14 1 1
github.com/rachmanzz/words-xml/words/preprocessor.go:1611.16,1612.14 1 1
github.com/rachmanzz/words-xml/words/preprocessor.go:1613.21,1614.13 1 1
github.com/rachmanzz/words-xml/words/preprocessor.go:1615.10,1616.13 1 1
github.com/rachmanzz/words-xml/words/preprocessor.go:1620.64,1622.54 2 1
github.com/rachmanzz/words-xml/words/preprocessor.go:1622.54,1625.3 2 1
github.com/rachmanzz/words-xml/words/preprocessor.go:1626.2,1626.54 1 1
github.com/rachmanzz/words-xml/words/preprocessor.go:1626.54,1629.3 2 1
github.com/rachmanzz/words-xml/words/preprocessor.go:1630.2,1630.57 1 1
github.com/rachmanzz/words-xml/words/preprocessor.go:1630.57,1633.3 2 1
github.com/rachmanzz/words-xml/words/preprocessor.go:1634.2,1634.60 1 1
github.com/rachmanzz/words-xml/words/preprocessor.go:1634.60,1637.3 2 1
github.com/rachmanzz/words-xml/words/preprocessor.go:1638.2,1638.34 1 1
github.com/rachmanzz/words-xml/words/preprocessor.go:1643.33,1650.2 6 1
github.com/rachmanzz/words-xml/words/preprocessor.go:1652.41,1655.22 3 1
github.com/rachmanzz/words-xml/words/preprocessor.go:1655.22,1656.42 1 1
github.com/rachmanzz/words-xml/words/preprocessor.go:1656.42,1658.12 2 0
github.com/rachmanzz/words-xml/words/preprocessor.go:1660.3,1660.43 1 1
github.com/rachmanzz/words-xml/words/preprocessor.go:1660.43,1661.12 1 1
github.com/rachmanzz/words-xml/words/preprocessor.go:1663.3,1663.17 1 1
github.com/rachmanzz/words-xml/words/preprocessor.go:1665.2,1665.19 1 1
github.com/rachmanzz/words-xml/words/preprocessor.go:1668.43,1673.16 5 1
github.com/rachmanzz/words-xml/words/preprocessor.go:1673.16,1676.3 2 1
github.com/rachmanzz/words-xml/words/preprocessor.go:1677.2,1679.10 3 1
github.com/rachmanzz/words-xml/words/preprocessor.go:1684.47,1688.16 3 1
github.com/rachmanzz/words-xml/words/preprocessor.go:1688.16,1690.3 1 0
github.com/rachmanzz/words-xml/words/preprocessor.go:1691.2,1693.131 2 1
github.com/rachmanzz/words-xml/words/preprocessor.go:1693.131,1695.27 2 1
github.com/rachmanzz/words-xml/words/preprocessor.go:1695.27,1697.4 1 1
github.com/rachmanzz/words-xml/words/preprocessor.go:1698.3,1698.28 1 1
github.com/rachmanzz/words-xml/words/preprocessor.go:1698.28,1700.4 1 1
github.com/rachmanzz/words-xml/words/preprocessor.go:1701.3,1701.29 1 1
github.com/rachmanzz/words-xml/words/preprocessor.go:1701.29,1703.4 1 1
github.com/rachmanzz/words-xml/words/preprocessor.go:1704.3,1704.30 1 1
github.com/rachmanzz/words-xml/words/preprocessor.go:1704.30,1706.4 1 1
github.com/rachmanzz/words-xml/words/preprocessor.go:1707.3,1707.30 1 1
github.com/rachmanzz/words-xml/words/preprocessor.go:1707.30,1709.4 1 1
github.com/rachmanzz/words-xml/words/preprocessor.go:1710.3,1710.31 1 1
github.com/rachmanzz/words-xml/words/preprocessor.go:1713.2,1715.32 2 1
github.com/rachmanzz/words-xml/words/preprocessor.go:1715.32,1717.32 2 0
github.com/rachmanzz/words-xml/words/preprocessor.go:1717.32,1719.4 1 0
github.com/rachmanzz/words-xml/words/preprocessor.go:1720.3,1720.33 1 0
github.com/rachmanzz/words-xml/words/preprocessor.go:1722.2,1722.32 1 1
github.com/rachmanzz/words-xml/words/preprocessor.go:1722.32,1724.32 2 0
github.com/rachmanzz/words-xml/words/preprocessor.go:1724.32,1726.4 1 0
github.com/rachmanzz/words-xml/words/preprocessor.go:1727.3,1727.33 1 0
github.com/rachmanzz/words-xml/words/preprocessor.go:1730.2,1734.24 4 1
github.com/rachmanzz/words-xml/words/preprocessor.go:1734.24,1736.31 2 1
github.com/rachmanzz/words-xml/words/preprocessor.go:1736.31,1737.18 1 1
github.com/rachmanzz/words-xml/words/preprocessor.go:1738.14,1739.64 1 1
github.com/rachmanzz/words-xml/words/preprocessor.go:1740.31,1742.25 2 1
github.com/rachmanzz/words-xml/words/preprocessor.go:1742.25,1744.6 1 0
github.com/rachmanzz/words-xml/words/preprocessor.go:1744.11,1746.32 2 1
github.com/rachmanzz/words-xml/words/preprocessor.go:1746.32,1747.22 1 1
github.com/rachmanzz/words-xml/words/preprocessor.go:1748.24,1750.27 2 1
github.com/rachmanzz/words-xml/words/preprocessor.go:1751.19,1752.44 1 0
github.com/rachmanzz/words-xml/words/preprocessor.go:1753.20,1754.51 1 0
github.com/rachmanzz/words-xml/words/preprocessor.go:1757.6,1757.34 1 1
github.com/rachmanzz/words-xml/words/preprocessor.go:1759.19,1761.23 2 1
github.com/rachmanzz/words-xml/words/preprocessor.go:1761.23,1763.6 1 1
github.com/rachmanzz/words-xml/words/preprocessor.go:1764.5,1764.21 1 1
github.com/rachmanzz/words-xml/words/preprocessor.go:1764.21,1766.6 1 1
github.com/rachmanzz/words-xml/words/preprocessor.go:1767.5,1768.31 2 1
github.com/rachmanzz/words-xml/words/preprocessor.go:1768.31,1769.21 1 1
github.com/rachmanzz/words-xml/words/preprocessor.go:1770.23,1771.45 1 1
github.com/rachmanzz/words-xml/words/preprocessor.go:1772.18,1773.43 1 0
github.com/rachmanzz/words-xml/words/preprocessor.go:1774.19,1775.50 1 0
github.com/rachmanzz/words-xml/words/preprocessor.go:1778.5,1778.34 1 1
github.com/rachmanzz/words-xml/words/preprocessor.go:1781.3,1781.32 1 1
github.com/rachmanzz/words-xml/words/preprocessor.go:1784.2,1785.19 2 1
github.com/rachmanzz/words-xml/words/preprocessor.go:1788.62,1791.39 2 1
github.com/rachmanzz/words-xml/words/preprocessor.go:1791.39,1792.48 1 1
github.com/rachmanzz/words-xml/words/preprocessor.go:1792.48,1793.12 1 0
github.com/rachmanzz/words-xml/words/preprocessor.go:1795.3,1797.54 3 1
github.com/rachmanzz/words-xml/words/preprocessor.go:1797.54,1802.4 1 1
github.com/rachmanzz/words-xml/words/preprocessor.go:1802.9,1807.4 1 0
github.com/rachmanzz/words-xml/words/preprocessor.go:1808.3,1808.19 1 1
github.com/rachmanzz/words-xml/words/preprocessor.go:1808.19,1810.25 2 0
github.com/rachmanzz/words-xml/words/preprocessor.go:1810.25,1812.5 1 0
github.com/rachmanzz/words-xml/words/preprocessor.go:1813.4,1813.25 1 0
github.com/rachmanzz/words-xml/words/preprocessor.go:1817.2,1817.38 1 1
github.com/rachmanzz/words-xml/words/preprocessor.go:1817.38,1819.95 2 1
github.com/rachmanzz/words-xml/words/preprocessor.go:1819.95,1821.28 2 1
github.com/rachmanzz/words-xml/words/preprocessor.go:1821.28,1823.5 1 1
github.com/rachmanzz/words-xml/words/preprocessor.go:1824.4,1824.27 1 1
github.com/rachmanzz/words-xml/words/preprocessor.go:1824.27,1826.5 1 1
github.com/rachmanzz/words-xml/words/preprocessor.go:1827.4,1827.25 1 1
github.com/rachmanzz/words-xml/words/preprocessor.go:1831.2,1831.94 1 1
github.com/rachmanzz/words-xml/words/preprocessor.go:1831.94,1833.28 2 1
github.com/rachmanzz/words-xml/words/preprocessor.go:1833.28,1835.4 1 1
github.com/rachmanzz/words-xml/words/preprocessor.go:1836.3,1836.27 1 1
github.com/rachmanzz/words-xml/words/preprocessor.go:1836.27,1838.4 1 1
github.com/rachmanzz/words-xml/words/preprocessor.go:1839.3,1839.24 1 1
github.com/rachmanzz/words-xml/words/preprocessor.go:1842.2,1842.43 1 1
github.com/rachmanzz/words-xml/words/preprocessor.go:1842.43,1843.96 1 1
github.com/rachmanzz/words-xml/words/preprocessor.go:1843.96,1845.26 2 1
github.com/rachmanzz/words-xml/words/preprocessor.go:1845.26,1847.5 1 1
github.com/rachmanzz/words-xml/words/preprocessor.go:1848.4,1848.27 1 1
github.com/rachmanzz/words-xml/words/preprocessor.go:1848.27,1850.5 1 1
github.com/rachmanzz/words-xml/words/preprocessor.go:1851.4,1851.27 1 1
github.com/rachmanzz/words-xml/words/preprocessor.go:1851.27,1853.5 1 1
github.com/rachmanzz/words-xml/words/preprocessor.go:1854.4,1854.29 1 1
github.com/rachmanzz/words-xml/words/preprocessor.go:1854.29,1856.5 1 1
github.com/rachmanzz/words-xml/words/preprocessor.go:1857.4,1857.25 1 1
github.com/rachmanzz/words-xml/words/preprocessor.go:1859.3,1859.22 1 1
github.com/rachmanzz/words-xml/words/preprocessor.go:1859.22,1861.4 1 1
github.com/rachmanzz/words-xml/words/preprocessor.go:1862.3,1862.26 1 1
github.com/rachmanzz/words-xml/words/preprocessor.go:1862.26,1864.26 2 1
github.com/rachmanzz/words-xml/words/preprocessor.go:1864.26,1866.5 1 1
github.com/rachmanzz/words-xml/words/preprocessor.go:1867.4,1867.25 1 1
github.com/rachmanzz/words-xml/words/preprocessor.go:1871.2,1871.38 1 1
github.com/rachmanzz/words-xml/words/preprocessor.go:1871.38,1873.46 2 1
github.com/rachmanzz/words-xml/words/preprocessor.go:1873.46,1874.93 1 1
github.com/rachmanzz/words-xml/words/preprocessor.go:1874.93,1877.26 3 1
github.com/rachmanzz/words-xml/words/preprocessor.go:1877.26,1879.6 1 1
github.com/rachmanzz/words-xml/words/preprocessor.go:1880.5,1880.27 1 1
github.com/rachmanzz/words-xml/words/preprocessor.go:1880.27,1882.6 1 0
github.com/rachmanzz/words-xml/words/preprocessor.go:1883.5,1883.27 1 1
github.com/rachmanzz/words-xml/words/preprocessor.go:1883.27,1885.6 1 0
github.com/rachmanzz/words-xml/words/preprocessor.go:1886.5,1886.29 1 1
github.com/rachmanzz/words-xml/words/preprocessor.go:1886.29,1888.6 1 0
github.com/rachmanzz/words-xml/words/preprocessor.go:1889.5,1889.26 1 1
github.com/rachmanzz/words-xml/words/preprocessor.go:1891.4,1891.22 1 1
github.com/rachmanzz/words-xml/words/preprocessor.go:1891.22,1893.5 1 1
github.com/rachmanzz/words-xml/words/preprocessor.go:1894.4,1894.26 1 1
github.com/rachmanzz/words-xml/words/preprocessor.go:1894.26,1896.26 2 1
github.com/rachmanzz/words-xml/words/preprocessor.go:1896.26,1898.6 1 1
github.com/rachmanzz/words-xml/words/preprocessor.go:1899.5,1899.26 1 1
github.com/rachmanzz/words-xml/words/preprocessor.go:1904.2,1904.36 1 1
github.com/rachmanzz/words-xml/words/preprocessor.go:1904.36,1905.30 1 1
github.com/rachmanzz/words-xml/words/preprocessor.go:1905.30,1907.4 1 1
github.com/rachmanzz/words-xml/words/preprocessor.go:1910.2,1911.40 2 1
github.com/rachmanzz/words-xml/words/preprocessor.go:1911.40,1912.30 1 1
github.com/rachmanzz/words-xml/words/preprocessor.go:1912.30,1913.89 1 1
github.com/rachmanzz/words-xml/words/preprocessor.go:1913.89,1915.40 2 0
github.com/rachmanzz/words-xml/words/preprocessor.go:1915.40,1917.6 1 0
github.com/rachmanzz/words-xml/words/preprocessor.go:1917.11,1919.6 1 0
github.com/rachmanzz/words-xml/words/preprocessor.go:1920.5,1920.43 1 0
github.com/rachmanzz/words-xml/words/preprocessor.go:1920.43,1922.22 2 0
github.com/rachmanzz/words-xml/words/preprocessor.go:1922.22,1923.15 1 0
github.com/rachmanzz/words-xml/words/preprocessor.go:1925.6,1927.36 2 0
github.com/rachmanzz/words-xml/words/preprocessor.go:1932.2,1933.34 2 1
github.com/rachmanzz/words-xml/words/preprocessor.go:1933.34,1935.3 1 0
github.com/rachmanzz/words-xml/words/preprocessor.go:1936.2,1936.34 1 1
github.com/rachmanzz/words-xml/words/preprocessor.go:1936.34,1938.3 1 0
github.com/rachmanzz/words-xml/words/preprocessor.go:1940.2,1950.31 3 1
github.com/rachmanzz/words-xml/words/preprocessor.go:1950.31,1952.3 1 1
github.com/rachmanzz/words-xml/words/preprocessor.go:1953.2,1954.25 2 1
github.com/rachmanzz/words-xml/words/preprocessor.go:1954.25,1956.29 2 1
github.com/rachmanzz/words-xml/words/preprocessor.go:1956.29,1958.27 2 0
github.com/rachmanzz/words-xml/words/preprocessor.go:1958.27,1960.5 1 0
github.com/rachmanzz/words-xml/words/preprocessor.go:1960.10,1962.5 1 0
github.com/rachmanzz/words-xml/words/preprocessor.go:1963.4,1964.20 2 0
github.com/rachmanzz/words-xml/words/preprocessor.go:1964.20,1965.13 1 0
github.com/rachmanzz/words-xml/words/preprocessor.go:1967.4,1969.34 2 0
github.com/rachmanzz/words-xml/words/preprocessor.go:1972.2,1972.25 1 1
github.com/rachmanzz/words-xml/words/preprocessor.go:1972.25,1974.21 2 1
github.com/rachmanzz/words-xml/words/preprocessor.go:1974.21,1975.12 1 1
github.com/rachmanzz/words-xml/words/preprocessor.go:1977.3,1978.17 2 1
github.com/rachmanzz/words-xml/words/preprocessor.go:1978.17,1980.4 1 0
github.com/rachmanzz/words-xml/words/preprocessor.go:1981.3,1981.59 1 1
github.com/rachmanzz/words-xml/words/preprocessor.go:1981.59,1982.12 1 0
github.com/rachmanzz/words-xml/words/preprocessor.go:1984.3,1986.20 3 1
github.com/rachmanzz/words-xml/words/preprocessor.go:1986.20,1988.4 1 1
github.com/rachmanzz/words-xml/words/preprocessor.go:1989.3,1989.23 1 1
github.com/rachmanzz/words-xml/words/preprocessor.go:1989.23,1991.4 1 0
github.com/rachmanzz/words-xml/words/preprocessor.go:1992.3,1992.22 1 1
github.com/rachmanzz/words-xml/words/preprocessor.go:1992.22,1994.4 1 0
github.com/rachmanzz/words-xml/words/preprocessor.go:1995.3,1995.22 1 1
github.com/rachmanzz/words-xml/words/preprocessor.go:1995.22,1997.4 1 0
github.com/rachmanzz/words-xml/words/preprocessor.go:1998.3,1998.22 1 1
github.com/rachmanzz/words-xml/words/preprocessor.go:1998.22,2000.4 1 0
github.com/rachmanzz/words-xml/words/preprocessor.go:2001.3,2001.20 1 1
github.com/rachmanzz/words-xml/words/preprocessor.go:2001.20,2003.4 1 0
github.com/rachmanzz/words-xml/words/preprocessor.go:2004.3,2004.20 1 1
github.com/rachmanzz/words-xml/words/preprocessor.go:2004.20,2006.4 1 0
github.com/rachmanzz/words-xml/words/preprocessor.go:2007.3,2007.21 1 1
github.com/rachmanzz/words-xml/words/preprocessor.go:2007.21,2009.4 1 0
github.com/rachmanzz/words-xml/words/preprocessor.go:2010.3,2010.14 1 1
github.com/rachmanzz/words-xml/words/preprocessor.go:2010.14,2012.4 1 0
github.com/rachmanzz/words-xml/words/preprocessor.go:2013.3,2013.16 1 1
github.com/rachmanzz/words-xml/words/preprocessor.go:2013.16,2015.4 1 0
github.com/rachmanzz/words-xml/words/preprocessor.go:2016.3,2016.25 1 1
github.com/rachmanzz/words-xml/words/preprocessor.go:2016.25,2018.4 1 0
github.com/rachmanzz/words-xml/words/preprocessor.go:2019.3,2019.23 1 1
github.com/rachmanzz/words-xml/words/preprocessor.go:2019.23,2021.4 1 0
github.com/rachmanzz/words-xml/words/preprocessor.go:2022.3,2022.19 1 1
github.com/rachmanzz/words-xml/words/preprocessor.go:2022.19,2024.4 1 0
github.com/rachmanzz/words-xml/words/preprocessor.go:2025.3,2025.19 1 1
github.com/rachmanzz/words-xml/words/preprocessor.go:2025.19,2027.4 1 0
github.com/rachmanzz/words-xml/words/preprocessor.go:2028.3,2028.21 1 1
github.com/rachmanzz/words-xml/words/preprocessor.go:2028.21,2030.4 1 1
github.com/rachmanzz/words-xml/words/preprocessor.go:2031.3,2031.27 1 1
github.com/rachmanzz/words-xml/words/preprocessor.go:2031.27,2033.4 1 0
github.com/rachmanzz/words-xml/words/preprocessor.go:2034.3,2034.26 1 1
github.com/rachmanzz/words-xml/words/preprocessor.go:2034.26,2036.4 1 0
github.com/rachmanzz/words-xml/words/preprocessor.go:2037.3,2037.25 1 1
github.com/rachmanzz/words-xml/words/preprocessor.go:2037.25,2039.4 1 1
github.com/rachmanzz/words-xml/words/preprocessor.go:2040.3,2040.24 1 1
github.com/rachmanzz/words-xml/words/preprocessor.go:2040.24,2042.4 1 1
github.com/rachmanzz/words-xml/words/preprocessor.go:2043.3,2043.24 1 1
github.com/rachmanzz/words-xml/words/preprocessor.go:2043.24,2045.4 1 1
github.com/rachmanzz/words-xml/words/preprocessor.go:2046.3,2046.25 1 1
github.com/rachmanzz/words-xml/words/preprocessor.go:2046.25,2048.4 1 1
github.com/rachmanzz/words-xml/words/preprocessor.go:2049.3,2049.25 1 1
github.com/rachmanzz/words-xml/words/preprocessor.go:2049.25,2051.4 1 1
github.com/rachmanzz/words-xml/words/preprocessor.go:2052.3,2052.27 1 1
github.com/rachmanzz/words-xml/words/preprocessor.go:2052.27,2054.4 1 1
github.com/rachmanzz/words-xml/words/preprocessor.go:2055.3,2055.25 1 1
github.com/rachmanzz/words-xml/words/preprocessor.go:2055.25,2057.4 1 1
github.com/rachmanzz/words-xml/words/preprocessor.go:2058.3,2058.27 1 1
github.com/rachmanzz/words-xml/words/preprocessor.go:2058.27,2060.4 1 1
github.com/rachmanzz/words-xml/words/preprocessor.go:2061.3,2061.27 1 1
github.com/rachmanzz/words-xml/words/preprocessor.go:2061.27,2063.4 1 1
github.com/rachmanzz/words-xml/words/preprocessor.go:2064.3,2064.25 1 1
github.com/rachmanzz/words-xml/words/preprocessor.go:2064.25,2066.4 1 1
github.com/rachmanzz/words-xml/words/preprocessor.go:2067.3,2067.19 1 1
github.com/rachmanzz/words-xml/words/preprocessor.go:2067.19,2069.4 1 1
github.com/rachmanzz/words-xml/words/preprocessor.go:2070.3,2070.24 1 1
github.com/rachmanzz/words-xml/words/preprocessor.go:2073.2,2073.22 1 1
github.com/rachmanzz/words-xml/words/preprocessor.go:2073.22,2075.27 2 1
github.com/rachmanzz/words-xml/words/preprocessor.go:2075.27,2077.4 1 1
github.com/rachmanzz/words-xml/words/preprocessor.go:2078.3,2078.29 1 1
github.com/rachmanzz/words-xml/words/preprocessor.go:2078.29,2080.4 1 0
github.com/rachmanzz/words-xml/words/preprocessor.go:2081.3,2081.29 1 1
github.com/rachmanzz/words-xml/words/preprocessor.go:2081.29,2083.4 1 0
github.com/rachmanzz/words-xml/words/preprocessor.go:2084.3,2084.25 1 1
github.com/rachmanzz/words-xml/words/preprocessor.go:2084.25,2086.4 1 1
github.com/rachmanzz/words-xml/words/preprocessor.go:2087.3,2087.25 1 1
github.com/rachmanzz/words-xml/words/preprocessor.go:2087.25,2089.4 1 1
github.com/rachmanzz/words-xml/words/preprocessor.go:2090.3,2090.24 1 1
github.com/rachmanzz/words-xml/words/preprocessor.go:2093.2,2093.31 1 1
github.com/rachmanzz/words-xml/words/preprocessor.go:2096.59,2098.27 2 1
github.com/rachmanzz/words-xml/words/preprocessor.go:2098.27,2100.26 2 1
github.com/rachmanzz/words-xml/words/preprocessor.go:2100.26,2102.12 2 1
github.com/rachmanzz/words-xml/words/preprocessor.go:2104.3,2105.6 2 1
github.com/rachmanzz/words-xml/words/preprocessor.go:2109.76,2114.17 5 1
github.com/rachmanzz/words-xml/words/preprocessor.go:2114.17,2115.42 1 1
github.com/rachmanzz/words-xml/words/preprocessor.go:2115.42,2117.4 1 1
github.com/rachmanzz/words-xml/words/preprocessor.go:2119.2,2122.12 4 1
github.com/rachmanzz/words-xml/words/preprocessor.go:2125.103,2128.30 3 1
github.com/rachmanzz/words-xml/words/preprocessor.go:2128.30,2130.3 1 1
github.com/rachmanzz/words-xml/words/preprocessor.go:2131.2,2131.29 1 1
github.com/rachmanzz/words-xml/words/preprocessor.go:2131.29,2133.59 2 1
github.com/rachmanzz/words-xml/words/preprocessor.go:2133.59,2134.9 1 0
github.com/rachmanzz/words-xml/words/preprocessor.go:2136.3,2136.55 1 1
github.com/rachmanzz/words-xml/words/preprocessor.go:2136.55,2138.41 2 1
github.com/rachmanzz/words-xml/words/preprocessor.go:2138.41,2139.10 1 0
github.com/rachmanzz/words-xml/words/preprocessor.go:2142.3,2143.19 2 1
github.com/rachmanzz/words-xml/words/preprocessor.go:2143.19,2144.9 1 0
github.com/rachmanzz/words-xml/words/preprocessor.go:2146.3,2146.20 1 1
github.com/rachmanzz/words-xml/words/preprocessor.go:2146.20,2147.30 1 1
github.com/rachmanzz/words-xml/words/preprocessor.go:2147.30,2148.49 1 1
github.com/rachmanzz/words-xml/words/preprocessor.go:2148.49,2149.72 1 1
github.com/rachmanzz/words-xml/words/preprocessor.go:2149.72,2150.12 1 1
github.com/rachmanzz/words-xml/words/preprocessor.go:2154.4,2157.31 4 1
github.com/rachmanzz/words-xml/words/preprocessor.go:2157.31,2159.61 2 1
github.com/rachmanzz/words-xml/words/preprocessor.go:2159.61,2160.11 1 0
github.com/rachmanzz/words-xml/words/preprocessor.go:2162.5,2162.57 1 1
github.com/rachmanzz/words-xml/words/preprocessor.go:2162.57,2163.68 1 1
github.com/rachmanzz/words-xml/words/preprocessor.go:2163.68,2164.12 1 0
github.com/rachmanzz/words-xml/words/preprocessor.go:2167.5,2168.19 2 1
github.com/rachmanzz/words-xml/words/preprocessor.go:2168.19,2169.11 1 0
github.com/rachmanzz/words-xml/words/preprocessor.go:2171.5,2171.20 1 1
github.com/rachmanzz/words-xml/words/preprocessor.go:2171.20,2172.11 1 1
github.com/rachmanzz/words-xml/words/preprocessor.go:2174.5,2176.26 3 1
github.com/rachmanzz/words-xml/words/preprocessor.go:2176.26,2177.54 1 0
github.com/rachmanzz/words-xml/words/preprocessor.go:2177.54,2179.7 1 0
github.com/rachmanzz/words-xml/words/preprocessor.go:2181.5,2183.53 3 1
github.com/rachmanzz/words-xml/words/preprocessor.go:2185.4,2186.12 2 1
github.com/rachmanzz/words-xml/words/preprocessor.go:2188.3,2188.8 1 0
github.com/rachmanzz/words-xml/words/preprocessor.go:2190.2,2190.12 1 1
github.com/rachmanzz/words-xml/words/preprocessor.go:2193.79,2195.26 2 1
github.com/rachmanzz/words-xml/words/preprocessor.go:2195.26,2197.39 2 1
github.com/rachmanzz/words-xml/words/preprocessor.go:2197.39,2199.4 1 1
github.com/rachmanzz/words-xml/words/preprocessor.go:2201.2,2201.24 1 1
github.com/rachmanzz/words-xml/words/preprocessor.go:2201.24,2203.3 1 1
github.com/rachmanzz/words-xml/words/preprocessor.go:2204.2,2204.18 1 1
github.com/rachmanzz/words-xml/words/preprocessor.go:2204.18,2206.3 1 1
github.com/rachmanzz/words-xml/words/preprocessor.go:2207.2,2207.21 1 1
github.com/rachmanzz/words-xml/words/preprocessor.go:2210.61,2211.28 1 1
github.com/rachmanzz/words-xml/words/preprocessor.go:2211.28,2212.49 1 1
github.com/rachmanzz/words-xml/words/preprocessor.go:2212.49,2213.49 1 1
github.com/rachmanzz/words-xml/words/preprocessor.go:2213.49,2215.5 1 1
github.com/rachmanzz/words-xml/words/preprocessor.go:2218.2,2218.10 1 1
github.com/rachmanzz/words-xml/words/preprocessor.go:2221.96,2222.19 1 1
github.com/rachmanzz/words-xml/words/preprocessor.go:2223.19,2224.56 1 1
github.com/rachmanzz/words-xml/words/preprocessor.go:2225.14,2230.43 5 0
github.com/rachmanzz/words-xml/words/preprocessor.go:2231.15,2232.47 1 1
github.com/rachmanzz/words-xml/words/preprocessor.go:2236.83,2238.2 1 1
github.com/rachmanzz/words-xml/words/preprocessor.go:2240.104,2241.14 1 1
github.com/rachmanzz/words-xml/words/preprocessor.go:2241.14,2245.3 3 1
github.com/rachmanzz/words-xml/words/preprocessor.go:2246.2,2246.47 1 1
github.com/rachmanzz/words-xml/words/preprocessor.go:2246.47,2254.3 7 1
github.com/rachmanzz/words-xml/words/preprocessor.go:2255.2,2255.15 1 1
github.com/rachmanzz/words-xml/words/preprocessor.go:2255.15,2264.3 8 1
github.com/rachmanzz/words-xml/words/preprocessor.go:2265.2,2271.25 7 1
github.com/rachmanzz/words-xml/words/preprocessor.go:2274.49,2275.23 1 1
github.com/rachmanzz/words-xml/words/preprocessor.go:2275.23,2277.3 1 1
github.com/rachmanzz/words-xml/words/preprocessor.go:2278.2,2279.24 2 1
github.com/rachmanzz/words-xml/words/preprocessor.go:2279.24,2281.58 2 1
github.com/rachmanzz/words-xml/words/preprocessor.go:2281.58,2283.4 1 1
github.com/rachmanzz/words-xml/words/preprocessor.go:2284.3,2284.21 1 0
github.com/rachmanzz/words-xml/words/preprocessor.go:2286.2,2286.15 1 1
github.com/rachmanzz/words-xml/words/preprocessor.go:2286.15,2287.88 1 1
github.com/rachmanzz/words-xml/words/preprocessor.go:2287.88,2289.4 1 1
github.com/rachmanzz/words-xml/words/preprocessor.go:2290.3,2290.21 1 0
github.com/rachmanzz/words-xml/words/preprocessor.go:2292.2,2292.101 1 1
github.com/rachmanzz/words-xml/words/preprocessor.go:2292.101,2294.3 1 0
github.com/rachmanzz/words-xml/words/preprocessor.go:2295.2,2295.20 1 1
github.com/rachmanzz/words-xml/words/preprocessor.go:2298.66,2299.38 1 1
github.com/rachmanzz/words-xml/words/preprocessor.go:2299.38,2301.3 1 1
github.com/rachmanzz/words-xml/words/preprocessor.go:2302.2,2302.12 1 1
github.com/rachmanzz/words-xml/words/preprocessor.go:2302.12,2304.3 1 1
github.com/rachmanzz/words-xml/words/preprocessor.go:2305.2,2305.18 1 1
github.com/rachmanzz/words-xml/words/preprocessor.go:2305.18,2307.3 1 1
github.com/rachmanzz/words-xml/words/preprocessor.go:2308.2,2308.20 1 1
github.com/rachmanzz/words-xml/words/preprocessor.go:2308.20,2310.3 1 1
github.com/rachmanzz/words-xml/words/preprocessor.go:2311.2,2312.14 2 1
github.com/rachmanzz/words-xml/words/preprocessor.go:2312.14,2314.3 1 0
github.com/rachmanzz/words-xml/words/preprocessor.go:2317.96,2320.25 3 1
github.com/rachmanzz/words-xml/words/preprocessor.go:2320.25,2322.10 2 1
github.com/rachmanzz/words-xml/words/preprocessor.go:2323.16,2324.16 1 1
github.com/rachmanzz/words-xml/words/preprocessor.go:2324.16,2326.5 1 0
github.com/rachmanzz/words-xml/words/preprocessor.go:2326.10,2328.5 1 1
github.com/rachmanzz/words-xml/words/preprocessor.go:2329.22,2330.16 1 1
github.com/rachmanzz/words-xml/words/preprocessor.go:2330.16,2332.5 1 0
github.com/rachmanzz/words-xml/words/preprocessor.go:2332.10,2334.5 1 1
github.com/rachmanzz/words-xml/words/preprocessor.go:2335.24,2337.22 2 1
github.com/rachmanzz/words-xml/words/preprocessor.go:2337.22,2339.5 1 0
github.com/rachmanzz/words-xml/words/preprocessor.go:2340.4,2340.77 1 1
github.com/rachmanzz/words-xml/words/preprocessor.go:2341.22,2343.14 2 1
github.com/rachmanzz/words-xml/words/preprocessor.go:2343.14,2345.5 1 1
github.com/rachmanzz/words-xml/words/preprocessor.go:2346.4,2346.16 1 1
github.com/rachmanzz/words-xml/words/preprocessor.go:2346.16,2348.5 1 0
github.com/rachmanzz/words-xml/words/preprocessor.go:2349.4,2349.25 1 1
github.com/rachmanzz/words-xml/words/preprocessor.go:2349.25,2351.5 1 0
github.com/rachmanzz/words-xml/words/preprocessor.go:2352.4,2352.16 1 1
github.com/rachmanzz/words-xml/words/preprocessor.go:2352.16,2354.5 1 0
github.com/rachmanzz/words-xml/words/preprocessor.go:2355.4,2355.83 1 1
github.com/rachmanzz/words-xml/words/preprocessor.go:2356.18,2357.24 1 1
github.com/rachmanzz/words-xml/words/preprocessor.go:2357.24,2359.5 1 0
github.com/rachmanzz/words-xml/words/preprocessor.go:2359.10,2361.5 1 1
github.com/rachmanzz/words-xml/words/preprocessor.go:2362.16,2363.23 1 0
github.com/rachmanzz/words-xml/words/preprocessor.go:2363.23,2365.19 2 0
github.com/rachmanzz/words-xml/words/preprocessor.go:2365.19,2367.6 1 0
github.com/rachmanzz/words-xml/words/preprocessor.go:2369.21,2371.17 2 1
github.com/rachmanzz/words-xml/words/preprocessor.go:2371.17,2373.65 2 1
github.com/rachmanzz/words-xml/words/preprocessor.go:2373.65,2375.6 1 1
github.com/rachmanzz/words-xml/words/preprocessor.go:2376.5,2376.57 1 1
github.com/rachmanzz/words-xml/words/preprocessor.go:2376.57,2378.6 1 1
github.com/rachmanzz/words-xml/words/preprocessor.go:2379.5,2379.57 1 1
github.com/rachmanzz/words-xml/words/preprocessor.go:2379.57,2381.6 1 1
github.com/rachmanzz/words-xml/words/preprocessor.go:2382.5,2382.63 1 1
github.com/rachmanzz/words-xml/words/preprocessor.go:2382.63,2384.6 1 1
github.com/rachmanzz/words-xml/words/preprocessor.go:2385.5,2385.63 1 1
github.com/rachmanzz/words-xml/words/preprocessor.go:2385.63,2387.6 1 1
github.com/rachmanzz/words-xml/words/preprocessor.go:2388.5,2388.62 1 1
github.com/rachmanzz/words-xml/words/preprocessor.go:2388.62,2390.6 1 1
github.com/rachmanzz/words-xml/words/preprocessor.go:2391.5,2391.51 1 1
github.com/rachmanzz/words-xml/words/preprocessor.go:2391.51,2393.6 1 1
github.com/rachmanzz/words-xml/words/preprocessor.go:2394.5,2394.21 1 1
github.com/rachmanzz/words-xml/words/preprocessor.go:2394.21,2396.6 1 1
github.com/rachmanzz/words-xml/words/preprocessor.go:2397.5,2397.17 1 1
github.com/rachmanzz/words-xml/words/preprocessor.go:2397.17,2399.6 1 1
github.com/rachmanzz/words-xml/words/preprocessor.go:2400.5,2400.16 1 1
github.com/rachmanzz/words-xml/words/preprocessor.go:2400.16,2402.6 1 1
github.com/rachmanzz/words-xml/words/preprocessor.go:2403.5,2403.24 1 1
github.com/rachmanzz/words-xml/words/preprocessor.go:2403.24,2405.6 1 1
github.com/rachmanzz/words-xml/words/preprocessor.go:2406.5,2406.20 1 1
github.com/rachmanzz/words-xml/words/preprocessor.go:2406.20,2408.6 1 1
github.com/rachmanzz/words-xml/words/preprocessor.go:2409.5,2409.18 1 1
github.com/rachmanzz/words-xml/words/preprocessor.go:2409.18,2411.6 1 1
github.com/rachmanzz/words-xml/words/preprocessor.go:2412.5,2412.15 1 1
github.com/rachmanzz/words-xml/words/preprocessor.go:2412.15,2414.6 1 1
github.com/rachmanzz/words-xml/words/preprocessor.go:2415.5,2415.19 1 1
github.com/rachmanzz/words-xml/words/preprocessor.go:2415.19,2417.6 1 1
github.com/rachmanzz/words-xml/words/preprocessor.go:2418.5,2418.17 1 1
github.com/rachmanzz/words-xml/words/preprocessor.go:2418.17,2420.6 1 1
github.com/rachmanzz/words-xml/words/preprocessor.go:2421.5,2421.21 1 1
github.com/rachmanzz/words-xml/words/preprocessor.go:2421.21,2423.6 1 1
github.com/rachmanzz/words-xml/words/preprocessor.go:2424.5,2424.26 1 1
github.com/rachmanzz/words-xml/words/preprocessor.go:2424.26,2426.6 1 1
github.com/rachmanzz/words-xml/words/preprocessor.go:2427.5,2427.17 1 1
github.com/rachmanzz/words-xml/words/preprocessor.go:2427.17,2429.6 1 1
github.com/rachmanzz/words-xml/words/preprocessor.go:2430.5,2430.22 1 1
github.com/rachmanzz/words-xml/words/preprocessor.go:2430.22,2432.6 1 1
github.com/rachmanzz/words-xml/words/preprocessor.go:2433.5,2433.20 1 1
github.com/rachmanzz/words-xml/words/preprocessor.go:2433.20,2435.6 1 1
github.com/rachmanzz/words-xml/words/preprocessor.go:2437.11,2438.12 1 0
github.com/rachmanzz/words-xml/words/preprocessor.go:2440.3,2440.41 1 1
github.com/rachmanzz/words-xml/words/preprocessor.go:2440.41,2442.4 1 1
github.com/rachmanzz/words-xml/words/preprocessor.go:2443.3,2443.40 1 1
github.com/rachmanzz/words-xml/words/preprocessor.go:2443.40,2445.4 1 0
github.com/rachmanzz/words-xml/words/preprocessor.go:2446.3,2446.22 1 1
github.com/rachmanzz/words-xml/words/preprocessor.go:2448.2,2448.19 1 1
github.com/rachmanzz/words-xml/words/preprocessor.go:2451.95,2453.23 2 1
github.com/rachmanzz/words-xml/words/preprocessor.go:2453.23,2455.3 1 1
github.com/rachmanzz/words-xml/words/preprocessor.go:2456.2,2456.17 1 1
github.com/rachmanzz/words-xml/words/preprocessor.go:2456.17,2458.3 1 1
github.com/rachmanzz/words-xml/words/preprocessor.go:2459.2,2459.23 1 1
github.com/rachmanzz/words-xml/words/preprocessor.go:2459.23,2461.3 1 1
github.com/rachmanzz/words-xml/words/preprocessor.go:2462.2,2462.18 1 1
github.com/rachmanzz/words-xml/words/preprocessor.go:2462.18,2464.3 1 1
github.com/rachmanzz/words-xml/words/preprocessor.go:2465.2,2465.21 1 1
github.com/rachmanzz/words-xml/words/preprocessor.go:2465.21,2467.3 1 1
github.com/rachmanzz/words-xml/words/preprocessor.go:2468.2,2468.21 1 1
github.com/rachmanzz/words-xml/words/preprocessor.go:2468.21,2470.3 1 1
github.com/rachmanzz/words-xml/words/preprocessor.go:2471.2,2471.21 1 1
github.com/rachmanzz/words-xml/words/preprocessor.go:2471.21,2473.3 1 1
github.com/rachmanzz/words-xml/words/preprocessor.go:2474.2,2475.14 2 1
github.com/rachmanzz/words-xml/words/preprocessor.go:2475.14,2477.3 1 1
github.com/rachmanzz/words-xml/words/preprocessor.go:2478.2,2480.29 2 1
github.com/rachmanzz/words-xml/words/preprocessor.go:2480.29,2482.19 2 1
github.com/rachmanzz/words-xml/words/preprocessor.go:2482.19,2484.4 1 1
github.com/rachmanzz/words-xml/words/preprocessor.go:2485.3,2486.34 2 1
github.com/rachmanzz/words-xml/words/preprocessor.go:2486.34,2487.20 1 1
github.com/rachmanzz/words-xml/words/preprocessor.go:2487.20,2488.13 1 1
github.com/rachmanzz/words-xml/words/preprocessor.go:2490.4,2491.25 2 1
github.com/rachmanzz/words-xml/words/preprocessor.go:2491.25,2493.5 1 1
github.com/rachmanzz/words-xml/words/preprocessor.go:2494.4,2494.24 1 1
github.com/rachmanzz/words-xml/words/preprocessor.go:2494.24,2496.5 1 1
github.com/rachmanzz/words-xml/words/preprocessor.go:2497.4,2497.25 1 1
github.com/rachmanzz/words-xml/words/preprocessor.go:2497.25,2499.5 1 1
github.com/rachmanzz/words-xml/words/preprocessor.go:2500.4,2500.26 1 1
github.com/rachmanzz/words-xml/words/preprocessor.go:2500.26,2502.5 1 0
github.com/rachmanzz/words-xml/words/preprocessor.go:2503.4,2503.23 1 1
github.com/rachmanzz/words-xml/words/preprocessor.go:2503.23,2505.5 1 0
github.com/rachmanzz/words-xml/words/preprocessor.go:2506.4,2506.19 1 1
github.com/rachmanzz/words-xml/words/preprocessor.go:2506.19,2508.5 1 1
github.com/rachmanzz/words-xml/words/preprocessor.go:2509.4,2510.20 2 1
github.com/rachmanzz/words-xml/words/preprocessor.go:2510.20,2512.5 1 1
github.com/rachmanzz/words-xml/words/preprocessor.go:2513.4,2514.36 2 1
github.com/rachmanzz/words-xml/words/preprocessor.go:2514.36,2515.20 1 1
github.com/rachmanzz/words-xml/words/preprocessor.go:2516.22,2517.82 1 1
github.com/rachmanzz/words-xml/words/preprocessor.go:2518.17,2521.85 3 0
github.com/rachmanzz/words-xml/words/preprocessor.go:2522.18,2523.55 1 1
github.com/rachmanzz/words-xml/words/preprocessor.go:2526.4,2526.34 1 1
github.com/rachmanzz/words-xml/words/preprocessor.go:2528.3,2528.40 1 1
github.com/rachmanzz/words-xml/words/preprocessor.go:2530.2,2530.40 1 1
github.com/rachmanzz/words-xml/words/verify.go:17.69,20.2 2 1
github.com/rachmanzz/words-xml/words/verify.go:22.68,24.2 1 1
github.com/rachmanzz/words-xml/words/verify.go:26.43,29.39 2 1
github.com/rachmanzz/words-xml/words/verify.go:29.39,32.3 2 1
github.com/rachmanzz/words-xml/words/verify.go:34.2,38.6 4 1
github.com/rachmanzz/words-xml/words/verify.go:38.6,40.17 2 1
github.com/rachmanzz/words-xml/words/verify.go:40.17,41.21 1 1
github.com/rachmanzz/words-xml/words/verify.go:41.21,43.5 1 0
github.com/rachmanzz/words-xml/words/verify.go:44.4,44.9 1 1
github.com/rachmanzz/words-xml/words/verify.go:46.3,46.31 1 1
github.com/rachmanzz/words-xml/words/verify.go:49.2,49.22 1 1
github.com/rachmanzz/words-xml/words/verify.go:49.22,52.3 2 0
github.com/rachmanzz/words-xml/words/verify.go:54.2,56.10 3 1
github.com/rachmanzz/words-xml/words/verify.go:59.54,61.9 2 1
github.com/rachmanzz/words-xml/words/verify.go:61.9,64.3 2 1
github.com/rachmanzz/words-xml/words/verify.go:66.2,66.33 1 1
github.com/rachmanzz/words-xml/words/verify.go:66.33,68.3 1 1
github.com/rachmanzz/words-xml/words/verify.go:70.2,71.31 2 1
github.com/rachmanzz/words-xml/words/verify.go:71.31,72.59 1 1
github.com/rachmanzz/words-xml/words/verify.go:72.59,74.4 1 1
github.com/rachmanzz/words-xml/words/verify.go:76.2,76.11 1 1
github.com/rachmanzz/words-xml/words/verify.go:76.11,78.3 1 1
github.com/rachmanzz/words-xml/words/verify.go:80.2,82.31 3 1
github.com/rachmanzz/words-xml/words/verify.go:82.31,83.32 1 1
github.com/rachmanzz/words-xml/words/verify.go:83.32,85.4 1 1
github.com/rachmanzz/words-xml/words/verify.go:86.3,86.29 1 1
github.com/rachmanzz/words-xml/words/verify.go:86.29,88.4 1 1
github.com/rachmanzz/words-xml/words/verify.go:91.2,91.19 1 1
github.com/rachmanzz/words-xml/words/verify.go:91.19,93.3 1 0
github.com/rachmanzz/words-xml/words/verify.go:93.8,93.31 1 1
github.com/rachmanzz/words-xml/words/verify.go:93.31,95.3 1 1
github.com/rachmanzz/words-xml/words/verify.go:97.2,97.16 1 1
github.com/rachmanzz/words-xml/words/verify.go:97.16,99.3 1 0
github.com/rachmanzz/words-xml/words/verify.go:99.8,99.53 1 1
github.com/rachmanzz/words-xml/words/verify.go:99.53,101.3 1 1
github.com/rachmanzz/words-xml/words/verify.go:104.58,105.21 1 1
github.com/rachmanzz/words-xml/words/verify.go:105.21,107.3 1 1
github.com/rachmanzz/words-xml/words/verify.go:109.2,115.33 5 1
github.com/rachmanzz/words-xml/words/verify.go:115.33,118.10 3 1
github.com/rachmanzz/words-xml/words/verify.go:118.10,119.12 1 0
github.com/rachmanzz/words-xml/words/verify.go:122.3,124.16 2 1
github.com/rachmanzz/words-xml/words/verify.go:125.15,126.26 1 1
github.com/rachmanzz/words-xml/words/verify.go:126.26,128.5 1 0
github.com/rachmanzz/words-xml/words/verify.go:129.4,130.27 2 1
github.com/rachmanzz/words-xml/words/verify.go:131.16,132.27 1 1
github.com/rachmanzz/words-xml/words/verify.go:132.27,134.5 1 1
github.com/rachmanzz/words-xml/words/verify.go:135.4,137.35 3 1
github.com/rachmanzz/words-xml/words/verify.go:138.16,139.27 1 1
github.com/rachmanzz/words-xml/words/verify.go:139.27,141.5 1 0
github.com/rachmanzz/words-xml/words/verify.go:142.4,144.28 3 1
github.com/rachmanzz/words-xml/words/verify.go:145.17,146.35 1 1
github.com/rachmanzz/words-xml/words/verify.go:147.17,148.35 1 1
github.com/rachmanzz/words-xml/words/verify.go:149.16,150.27 1 1
github.com/rachmanzz/words-xml/words/verify.go:150.27,152.5 1 0
github.com/rachmanzz/words-xml/words/verify.go:153.4,154.28 2 1
github.com/rachmanzz/words-xml/words/verify.go:155.11,156.57 1 0
github.com/rachmanzz/words-xml/words/verify.go:160.2,160.15 1 1
github.com/rachmanzz/words-xml/words/verify.go:160.15,162.3 1 1
github.com/rachmanzz/words-xml/words/verify.go:163.2,163.15 1 1
github.com/rachmanzz/words-xml/words/verify.go:163.15,165.3 1 1
github.com/rachmanzz/words-xml/words/verify.go:168.64,170.16 2 1
github.com/rachmanzz/words-xml/words/verify.go:170.16,173.3 2 0
github.com/rachmanzz/words-xml/words/verify.go:174.2,177.30 3 1
github.com/rachmanzz/words-xml/words/verify.go:177.30,179.10 2 1
github.com/rachmanzz/words-xml/words/verify.go:179.10,180.12 1 1
github.com/rachmanzz/words-xml/words/verify.go:182.3,183.24 2 1
github.com/rachmanzz/words-xml/words/verify.go:183.24,185.4 1 1
github.com/rachmanzz/words-xml/words/verify.go:187.2,187.15 1 1
github.com/rachmanzz/words-xml/words/verify.go:190.89,192.31 2 1
github.com/rachmanzz/words-xml/words/verify.go:192.31,193.29 1 1
github.com/rachmanzz/words-xml/words/verify.go:193.29,195.4 1 1
github.com/rachmanzz/words-xml/words/verify.go:197.2,197.16 1 1
github.com/rachmanzz/words-xml/words/verify.go:197.16,199.3 1 1
github.com/rachmanzz/words-xml/words/verify.go:199.8,199.73 1 1
github.com/rachmanzz/words-xml/words/verify.go:199.73,201.3 1 1
github.com/rachmanzz/words-xml/words/verify.go:203.2,204.16 2 1
github.com/rachmanzz/words-xml/words/verify.go:204.16,207.3 2 0
github.com/rachmanzz/words-xml/words/verify.go:208.2,216.30 3 1
github.com/rachmanzz/words-xml/words/verify.go:216.30,218.10 2 1
github.com/rachmanzz/words-xml/words/verify.go:218.10,219.12 1 1
github.com/rachmanzz/words-xml/words/verify.go:221.3,222.25 2 1
github.com/rachmanzz/words-xml/words/verify.go:222.25,224.4 1 0
github.com/rachmanzz/words-xml/words/verify.go:227.2,227.15 1 1
github.com/rachmanzz/words-xml/words/verify.go:230.65,232.16 2 1
github.com/rachmanzz/words-xml/words/verify.go:232.16,235.3 2 0
github.com/rachmanzz/words-xml/words/verify.go:236.2,238.15 3 1
github.com/rachmanzz/words-xml/words/verify.go:241.78,242.35 1 1
github.com/rachmanzz/words-xml/words/verify.go:242.35,245.10 3 1
github.com/rachmanzz/words-xml/words/verify.go:245.10,246.12 1 1
github.com/rachmanzz/words-xml/words/verify.go:248.3,250.16 2 1
github.com/rachmanzz/words-xml/words/verify.go:251.12,252.34 1 1
github.com/rachmanzz/words-xml/words/verify.go:253.61,254.34 1 1
github.com/rachmanzz/words-xml/words/verify.go:255.16,256.37 1 1
github.com/rachmanzz/words-xml/words/verify.go:257.19,258.36 1 1
github.com/rachmanzz/words-xml/words/verify.go:259.14,260.28 1 1
github.com/rachmanzz/words-xml/words/verify.go:261.21,262.35 1 1
github.com/rachmanzz/words-xml/words/verify.go:263.17,265.18 2 1
github.com/rachmanzz/words-xml/words/verify.go:265.18,267.5 1 0
github.com/rachmanzz/words-xml/words/verify.go:267.10,270.5 2 1
github.com/rachmanzz/words-xml/words/verify.go:271.21,271.21 0 1
github.com/rachmanzz/words-xml/words/verify.go:273.14,274.23 1 1
github.com/rachmanzz/words-xml/words/verify.go:275.13,276.25 1 0
github.com/rachmanzz/words-xml/words/verify.go:277.13,277.13 0 1
github.com/rachmanzz/words-xml/words/verify.go:279.91,280.38 1 0
github.com/rachmanzz/words-xml/words/verify.go:281.12,282.26 1 0
github.com/rachmanzz/words-xml/words/verify.go:283.23,283.23 0 0
github.com/rachmanzz/words-xml/words/verify.go:285.15,286.24 1 0
github.com/rachmanzz/words-xml/words/verify.go:287.21,287.21 0 0
github.com/rachmanzz/words-xml/words/verify.go:289.11,290.59 1 1
github.com/rachmanzz/words-xml/words/verify.go:295.69,300.16 4 1
github.com/rachmanzz/words-xml/words/verify.go:300.16,303.3 2 0
github.com/rachmanzz/words-xml/words/verify.go:304.2,306.15 3 1
github.com/rachmanzz/words-xml/words/verify.go:309.89,312.16 3 1
github.com/rachmanzz/words-xml/words/verify.go:312.16,315.3 2 0
github.com/rachmanzz/words-xml/words/verify.go:316.2,318.36 2 1
github.com/rachmanzz/words-xml/words/verify.go:318.36,321.10 3 1
github.com/rachmanzz/words-xml/words/verify.go:321.10,322.12 1 1
github.com/rachmanzz/words-xml/words/verify.go:324.3,324.31 1 1
github.com/rachmanzz/words-xml/words/verify.go:324.31,326.4 1 1
github.com/rachmanzz/words-xml/words/verify.go:326.9,326.43 1 1
github.com/rachmanzz/words-xml/words/verify.go:326.43,328.4 1 1
github.com/rachmanzz/words-xml/words/verify.go:328.9,330.4 1 1
github.com/rachmanzz/words-xml/words/verify.go:333.2,333.15 1 1
github.com/rachmanzz/words-xml/words/verify.go:336.64,337.31 1 1
github.com/rachmanzz/words-xml/words/verify.go:337.31,338.23 1 1
github.com/rachmanzz/words-xml/words/verify.go:339.13,340.51 1 1
github.com/rachmanzz/words-xml/words/verify.go:340.51,342.5 1 1
github.com/rachmanzz/words-xml/words/verify.go:343.16,344.61 1 1
github.com/rachmanzz/words-xml/words/verify.go:344.61,346.5 1 1
github.com/rachmanzz/words-xml/words/verify.go:347.16,349.23 2 1
github.com/rachmanzz/words-xml/words/verify.go:349.23,351.5 1 1
github.com/rachmanzz/words-xml/words/verify.go:352.22,353.61 1 1
github.com/rachmanzz/words-xml/words/verify.go:353.61,355.5 1 1
github.com/rachmanzz/words-xml/words/verify.go:360.92,363.16 3 1
github.com/rachmanzz/words-xml/words/verify.go:363.16,366.3 2 0
github.com/rachmanzz/words-xml/words/verify.go:367.2,369.36 3 1
github.com/rachmanzz/words-xml/words/verify.go:369.36,372.10 3 1
github.com/rachmanzz/words-xml/words/verify.go:372.10,373.12 1 1
github.com/rachmanzz/words-xml/words/verify.go:375.3,375.51 1 1
github.com/rachmanzz/words-xml/words/verify.go:375.51,378.4 2 1
github.com/rachmanzz/words-xml/words/verify.go:380.2,380.14 1 1
github.com/rachmanzz/words-xml/words/verify.go:380.14,382.3 1 1
github.com/rachmanzz/words-xml/words/verify.go:383.2,383.15 1 1
github.com/rachmanzz/words-xml/words/verify.go:386.61,387.31 1 1
github.com/rachmanzz/words-xml/words/verify.go:387.31,388.29 1 1
github.com/rachmanzz/words-xml/words/verify.go:388.29,389.51 1 1
github.com/rachmanzz/words-xml/words/verify.go:389.51,391.5 1 1
github.com/rachmanzz/words-xml/words/verify.go:396.88,399.16 3 1
github.com/rachmanzz/words-xml/words/verify.go:399.16,402.3 2 0
github.com/rachmanzz/words-xml/words/verify.go:403.2,405.15 3 1
github.com/rachmanzz/words-xml/words/verify.go:408.63,409.31 1 1
github.com/rachmanzz/words-xml/words/verify.go:409.31,410.23 1 1
github.com/rachmanzz/words-xml/words/verify.go:411.29,412.51 1 1
github.com/rachmanzz/words-xml/words/verify.go:412.51,414.5 1 1
github.com/rachmanzz/words-xml/words/verify.go:415.17,417.23 2 1
github.com/rachmanzz/words-xml/words/verify.go:417.23,419.5 1 1
github.com/rachmanzz/words-xml/words/verify.go:420.17,421.47 1 1
github.com/rachmanzz/words-xml/words/verify.go:421.47,423.5 1 1
github.com/rachmanzz/words-xml/words/verify.go:428.88,430.16 2 1
github.com/rachmanzz/words-xml/words/verify.go:430.16,433.3 2 0
github.com/rachmanzz/words-xml/words/verify.go:434.2,436.36 3 1
github.com/rachmanzz/words-xml/words/verify.go:436.36,439.10 3 1
github.com/rachmanzz/words-xml/words/verify.go:439.10,440.12 1 0
github.com/rachmanzz/words-xml/words/verify.go:442.3,442.27 1 1
github.com/rachmanzz/words-xml/words/verify.go:442.27,445.4 2 1
github.com/rachmanzz/words-xml/words/verify.go:445.9,447.4 1 0
github.com/rachmanzz/words-xml/words/verify.go:449.2,449.12 1 1
github.com/rachmanzz/words-xml/words/verify.go:449.12,451.3 1 1
github.com/rachmanzz/words-xml/words/verify.go:452.2,452.15 1 1
github.com/rachmanzz/words-xml/words/verify.go:455.92,458.16 3 1
github.com/rachmanzz/words-xml/words/verify.go:458.16,461.3 2 0
github.com/rachmanzz/words-xml/words/verify.go:462.2,464.15 3 1
github.com/rachmanzz/words-xml/words/verify.go:467.61,468.31 1 1
github.com/rachmanzz/words-xml/words/verify.go:468.31,469.23 1 1
github.com/rachmanzz/words-xml/words/verify.go:470.14,470.14 0 1
github.com/rachmanzz/words-xml/words/verify.go:472.15,477.23 2 1
github.com/rachmanzz/words-xml/words/verify.go:477.23,479.5 1 1
github.com/rachmanzz/words-xml/words/verify.go:484.63,486.16 2 1
github.com/rachmanzz/words-xml/words/verify.go:486.16,489.3 2 0
github.com/rachmanzz/words-xml/words/verify.go:490.2,491.30 2 1
github.com/rachmanzz/words-xml/words/verify.go:491.30,492.42 1 1
github.com/rachmanzz/words-xml/words/verify.go:492.42,494.4 1 1
github.com/rachmanzz/words-xml/words/verify.go:496.2,496.15 1 1
github.com/rachmanzz/words-xml/words/verify.go:499.70,501.16 2 1
github.com/rachmanzz/words-xml/words/verify.go:501.16,504.3 2 0
github.com/rachmanzz/words-xml/words/verify.go:505.2,507.15 3 1
github.com/rachmanzz/words-xml/words/verify.go:510.57,512.31 2 1
github.com/rachmanzz/words-xml/words/verify.go:512.31,513.28 1 1
github.com/rachmanzz/words-xml/words/verify.go:513.28,515.4 1 1
github.com/rachmanzz/words-xml/words/verify.go:516.3,516.28 1 1
github.com/rachmanzz/words-xml/words/verify.go:516.28,518.4 1 1
github.com/rachmanzz/words-xml/words/verify.go:519.3,519.58 1 1
github.com/rachmanzz/words-xml/words/verify.go:519.58,521.4 1 0
github.com/rachmanzz/words-xml/words/verify.go:523.2,523.13 1 1
github.com/rachmanzz/words-xml/words/verify.go:523.13,525.3 1 1
github.com/rachmanzz/words-xml/words/verify.go:528.59,530.31 2 1
github.com/rachmanzz/words-xml/words/verify.go:530.31,531.29 1 1
github.com/rachmanzz/words-xml/words/verify.go:531.29,534.23 3 1
github.com/rachmanzz/words-xml/words/verify.go:534.23,536.5 1 1
github.com/rachmanzz/words-xml/words/verify.go:539.2,539.14 1 1
github.com/rachmanzz/words-xml/words/verify.go:539.14,541.3 1 1
github.com/rachmanzz/words-xml/words/verify.go:544.82,545.31 1 1
github.com/rachmanzz/words-xml/words/verify.go:545.31,546.23 1 1
github.com/rachmanzz/words-xml/words/verify.go:547.13,547.13 0 0
github.com/rachmanzz/words-xml/words/verify.go:549.15,549.15 0 1
github.com/rachmanzz/words-xml/words/verify.go:551.14,552.44 1 1
github.com/rachmanzz/words-xml/words/verify.go:552.44,554.5 1 1
github.com/rachmanzz/words-xml/words/verify.go:555.16,555.16 0 0
github.com/rachmanzz/words-xml/words/verify.go:561.79,562.29 1 1
github.com/rachmanzz/words-xml/words/verify.go:562.29,564.10 2 1
github.com/rachmanzz/words-xml/words/verify.go:564.10,565.12 1 1
github.com/rachmanzz/words-xml/words/verify.go:567.3,568.16 2 1
github.com/rachmanzz/words-xml/words/verify.go:569.91,570.42 1 1
github.com/rachmanzz/words-xml/words/verify.go:571.12,572.26 1 1
github.com/rachmanzz/words-xml/words/verify.go:573.23,573.23 0 1
github.com/rachmanzz/words-xml/words/verify.go:575.14,576.23 1 1
github.com/rachmanzz/words-xml/words/verify.go:577.13,578.25 1 1
github.com/rachmanzz/words-xml/words/verify.go:579.14,579.14 0 1
github.com/rachmanzz/words-xml/words/verify.go:581.15,582.24 1 1
github.com/rachmanzz/words-xml/words/verify.go:583.14,583.14 0 1
github.com/rachmanzz/words-xml/words/verify.go:585.11,586.68 1 1
github.com/rachmanzz/words-xml/words/verify.go:591.88,593.2 1 1
github.com/rachmanzz/words-xml/words/verify.go:595.60,597.31 2 1
github.com/rachmanzz/words-xml/words/verify.go:597.31,598.29 1 1
github.com/rachmanzz/words-xml/words/verify.go:598.29,600.21 2 1
github.com/rachmanzz/words-xml/words/verify.go:600.21,602.5 1 1
github.com/rachmanzz/words-xml/words/verify.go:605.2,605.14 1 1
github.com/rachmanzz/words-xml/words/verify.go:605.14,607.3 1 1
github.com/rachmanzz/words-xml/words/verify.go:610.58,612.2 1 1
github.com/rachmanzz/words-xml/words/verify.go:614.72,617.31 3 1
github.com/rachmanzz/words-xml/words/verify.go:617.31,618.27 1 1
github.com/rachmanzz/words-xml/words/verify.go:618.27,620.51 2 1
github.com/rachmanzz/words-xml/words/verify.go:620.51,622.5 1 1
github.com/rachmanzz/words-xml/words/verify.go:625.2,625.12 1 1
github.com/rachmanzz/words-xml/words/verify.go:625.12,627.3 1 1
github.com/rachmanzz/words-xml/words/verify.go:628.2,629.16 2 1
github.com/rachmanzz/words-xml/words/verify.go:629.16,632.3 2 0
github.com/rachmanzz/words-xml/words/verify.go:633.2,635.15 3 1
github.com/rachmanzz/words-xml/words/verify.go:638.65,640.16 2 1
github.com/rachmanzz/words-xml/words/verify.go:640.16,643.3 2 0
github.com/rachmanzz/words-xml/words/verify.go:644.2,645.36 2 1
github.com/rachmanzz/words-xml/words/verify.go:645.36,648.10 3 1
github.com/rachmanzz/words-xml/words/verify.go:648.10,649.12 1 1
github.com/rachmanzz/words-xml/words/verify.go:651.3,652.16 2 1
github.com/rachmanzz/words-xml/words/verify.go:653.30,654.41 1 1
github.com/rachmanzz/words-xml/words/verify.go:655.11,656.59 1 1
github.com/rachmanzz/words-xml/words/verify.go:659.2,659.15 1 1
github.com/rachmanzz/words-xml/words/verify.go:662.92,664.31 2 1
github.com/rachmanzz/words-xml/words/verify.go:664.31,665.27 1 1
github.com/rachmanzz/words-xml/words/verify.go:665.27,667.4 1 1
github.com/rachmanzz/words-xml/words/verify.go:669.2,669.12 1 1
github.com/rachmanzz/words-xml/words/verify.go:669.12,671.3 1 1
github.com/rachmanzz/words-xml/words/verify.go:672.2,673.16 2 1
github.com/rachmanzz/words-xml/words/verify.go:673.16,676.3 2 0
github.com/rachmanzz/words-xml/words/verify.go:677.2,679.15 3 1
github.com/rachmanzz/words-xml/words/verify.go:682.60,684.46 2 1
github.com/rachmanzz/words-xml/words/verify.go:684.46,685.27 1 1
github.com/rachmanzz/words-xml/words/verify.go:686.25,687.11 1 1
github.com/rachmanzz/words-xml/words/verify.go:688.23,690.18 2 1
github.com/rachmanzz/words-xml/words/verify.go:690.18,692.5 1 1
github.com/rachmanzz/words-xml/words/verify.go:695.2,695.11 1 0
